TN:
SF:docs/calculator/calculator.js
FN:11,(anonymous_0)
FN:36,(anonymous_1)
FN:95,(anonymous_2)
FN:135,(anonymous_3)
FN:151,(anonymous_4)
FN:154,(anonymous_5)
FN:158,(anonymous_6)
FN:161,(anonymous_7)
FN:165,(anonymous_8)
FN:180,(anonymous_9)
FN:186,(anonymous_10)
FN:203,(anonymous_11)
FN:207,(anonymous_12)
FN:209,(anonymous_13)
FN:220,(anonymous_14)
FN:223,(anonymous_15)
FN:226,(anonymous_16)
FN:227,(anonymous_17)
FN:262,(anonymous_18)
FN:267,(anonymous_19)
FN:272,(anonymous_20)
FN:273,(anonymous_21)
FN:280,(anonymous_22)
FN:281,(anonymous_23)
FN:290,(anonymous_24)
FN:292,(anonymous_25)
FN:297,(anonymous_26)
FN:302,(anonymous_27)
FN:309,(anonymous_28)
FN:314,(anonymous_29)
FN:321,(anonymous_30)
FN:345,(anonymous_31)
FN:353,(anonymous_32)
FN:358,(anonymous_33)
FN:362,(anonymous_34)
FN:366,(anonymous_35)
FN:377,(anonymous_36)
FN:386,(anonymous_37)
FN:396,(anonymous_38)
FN:453,(anonymous_39)
FN:485,(anonymous_40)
FN:500,(anonymous_41)
FN:514,(anonymous_42)
FN:538,(anonymous_43)
FN:541,(anonymous_44)
FN:543,(anonymous_45)
FN:546,(anonymous_46)
FN:553,(anonymous_47)
FN:555,(anonymous_48)
FN:560,(anonymous_49)
FN:572,(anonymous_50)
FN:580,(anonymous_51)
FN:592,(anonymous_52)
FN:600,(anonymous_53)
FN:612,(anonymous_54)
FN:655,(anonymous_55)
FN:661,(anonymous_56)
FN:706,(anonymous_57)
FN:712,(anonymous_58)
FN:727,(anonymous_59)
FN:728,(anonymous_60)
FN:742,(anonymous_61)
FN:745,(anonymous_62)
FN:752,(anonymous_63)
FN:755,(anonymous_64)
FN:762,(anonymous_65)
FN:770,(anonymous_66)
FN:786,(anonymous_67)
FN:787,(anonymous_68)
FN:798,(anonymous_69)
FN:821,(anonymous_70)
FN:825,(anonymous_71)
FN:830,(anonymous_72)
FN:834,(anonymous_73)
FN:839,(anonymous_74)
FN:841,(anonymous_75)
FN:851,(anonymous_76)
FN:857,(anonymous_77)
FN:930,(anonymous_78)
FN:1003,(anonymous_79)
FN:1036,(anonymous_80)
FN:1053,(anonymous_81)
FN:1070,(anonymous_82)
FN:1076,(anonymous_83)
FN:1188,(anonymous_84)
FN:1196,(anonymous_85)
FN:1273,(anonymous_86)
FN:1275,(anonymous_87)
FN:1281,(anonymous_88)
FN:1287,(anonymous_89)
FN:1307,(anonymous_90)
FN:1397,(anonymous_91)
FN:1404,(anonymous_92)
FN:1479,(anonymous_93)
FN:1507,(anonymous_94)
FN:1519,(anonymous_95)
FN:1594,(anonymous_96)
FN:1603,(anonymous_97)
FN:1605,(anonymous_98)
FN:1606,(anonymous_99)
FN:1620,(anonymous_100)
FN:1621,(anonymous_101)
FN:1629,(anonymous_102)
FNF:103
FNH:0
FNDA:0,(anonymous_0)
FNDA:0,(anonymous_1)
FNDA:0,(anonymous_2)
FNDA:0,(anonymous_3)
FNDA:0,(anonymous_4)
FNDA:0,(anonymous_5)
FNDA:0,(anonymous_6)
FNDA:0,(anonymous_7)
FNDA:0,(anonymous_8)
FNDA:0,(anonymous_9)
FNDA:0,(anonymous_10)
FNDA:0,(anonymous_11)
FNDA:0,(anonymous_12)
FNDA:0,(anonymous_13)
FNDA:0,(anonymous_14)
FNDA:0,(anonymous_15)
FNDA:0,(anonymous_16)
FNDA:0,(anonymous_17)
FNDA:0,(anonymous_18)
FNDA:0,(anonymous_19)
FNDA:0,(anonymous_20)
FNDA:0,(anonymous_21)
FNDA:0,(anonymous_22)
FNDA:0,(anonymous_23)
FNDA:0,(anonymous_24)
FNDA:0,(anonymous_25)
FNDA:0,(anonymous_26)
FNDA:0,(anonymous_27)
FNDA:0,(anonymous_28)
FNDA:0,(anonymous_29)
FNDA:0,(anonymous_30)
FNDA:0,(anonymous_31)
FNDA:0,(anonymous_32)
FNDA:0,(anonymous_33)
FNDA:0,(anonymous_34)
FNDA:0,(anonymous_35)
FNDA:0,(anonymous_36)
FNDA:0,(anonymous_37)
FNDA:0,(anonymous_38)
FNDA:0,(anonymous_39)
FNDA:0,(anonymous_40)
FNDA:0,(anonymous_41)
FNDA:0,(anonymous_42)
FNDA:0,(anonymous_43)
FNDA:0,(anonymous_44)
FNDA:0,(anonymous_45)
FNDA:0,(anonymous_46)
FNDA:0,(anonymous_47)
FNDA:0,(anonymous_48)
FNDA:0,(anonymous_49)
FNDA:0,(anonymous_50)
FNDA:0,(anonymous_51)
FNDA:0,(anonymous_52)
FNDA:0,(anonymous_53)
FNDA:0,(anonymous_54)
FNDA:0,(anonymous_55)
FNDA:0,(anonymous_56)
FNDA:0,(anonymous_57)
FNDA:0,(anonymous_58)
FNDA:0,(anonymous_59)
FNDA:0,(anonymous_60)
FNDA:0,(anonymous_61)
FNDA:0,(anonymous_62)
FNDA:0,(anonymous_63)
FNDA:0,(anonymous_64)
FNDA:0,(anonymous_65)
FNDA:0,(anonymous_66)
FNDA:0,(anonymous_67)
FNDA:0,(anonymous_68)
FNDA:0,(anonymous_69)
FNDA:0,(anonymous_70)
FNDA:0,(anonymous_71)
FNDA:0,(anonymous_72)
FNDA:0,(anonymous_73)
FNDA:0,(anonymous_74)
FNDA:0,(anonymous_75)
FNDA:0,(anonymous_76)
FNDA:0,(anonymous_77)
FNDA:0,(anonymous_78)
FNDA:0,(anonymous_79)
FNDA:0,(anonymous_80)
FNDA:0,(anonymous_81)
FNDA:0,(anonymous_82)
FNDA:0,(anonymous_83)
FNDA:0,(anonymous_84)
FNDA:0,(anonymous_85)
FNDA:0,(anonymous_86)
FNDA:0,(anonymous_87)
FNDA:0,(anonymous_88)
FNDA:0,(anonymous_89)
FNDA:0,(anonymous_90)
FNDA:0,(anonymous_91)
FNDA:0,(anonymous_92)
FNDA:0,(anonymous_93)
FNDA:0,(anonymous_94)
FNDA:0,(anonymous_95)
FNDA:0,(anonymous_96)
FNDA:0,(anonymous_97)
FNDA:0,(anonymous_98)
FNDA:0,(anonymous_99)
FNDA:0,(anonymous_100)
FNDA:0,(anonymous_101)
FNDA:0,(anonymous_102)
DA:12,0
DA:13,0
DA:14,0
DA:15,0
DA:16,0
DA:17,0
DA:19,0
DA:22,0
DA:23,0
DA:24,0
DA:25,0
DA:26,0
DA:27,0
DA:30,0
DA:31,0
DA:33,0
DA:37,0
DA:38,0
DA:41,0
DA:43,0
DA:46,0
DA:51,0
DA:52,0
DA:53,0
DA:54,0
DA:55,0
DA:56,0
DA:57,0
DA:59,0
DA:60,0
DA:76,0
DA:79,0
DA:82,0
DA:96,0
DA:106,0
DA:116,0
DA:117,0
DA:118,0
DA:119,0
DA:120,0
DA:127,0
DA:128,0
DA:130,0
DA:136,0
DA:137,0
DA:140,0
DA:141,0
DA:143,0
DA:145,0
DA:146,0
DA:147,0
DA:152,0
DA:153,0
DA:154,0
DA:159,0
DA:160,0
DA:161,0
DA:166,0
DA:167,0
DA:169,0
DA:181,0
DA:188,0
DA:189,0
DA:190,0
DA:191,0
DA:193,0
DA:194,0
DA:195,0
DA:196,0
DA:197,0
DA:200,0
DA:205,0
DA:207,0
DA:209,0
DA:210,0
DA:211,0
DA:218,0
DA:220,0
DA:221,0
DA:223,0
DA:226,0
DA:227,0
DA:228,0
DA:229,0
DA:235,0
DA:260,0
DA:263,0
DA:265,0
DA:268,0
DA:272,0
DA:273,0
DA:274,0
DA:275,0
DA:280,0
DA:281,0
DA:282,0
DA:287,0
DA:292,0
DA:293,0
DA:297,0
DA:298,0
DA:302,0
DA:303,0
DA:307,0
DA:310,0
DA:314,0
DA:315,0
DA:319,0
DA:322,0
DA:323,0
DA:325,0
DA:343,0
DA:346,0
DA:347,0
DA:351,0
DA:354,0
DA:359,0
DA:363,0
DA:367,0
DA:370,0
DA:371,0
DA:373,0
DA:378,0
DA:379,0
DA:381,0
DA:382,0
DA:383,0
DA:387,0
DA:388,0
DA:390,0
DA:391,0
DA:393,0
DA:397,0
DA:398,0
DA:401,0
DA:402,0
DA:403,0
DA:412,0
DA:413,0
DA:417,0
DA:418,0
DA:420,0
DA:421,0
DA:423,0
DA:424,0
DA:425,0
DA:431,0
DA:432,0
DA:436,0
DA:437,0
DA:450,0
DA:454,0
DA:455,0
DA:456,0
DA:460,0
DA:463,0
DA:466,0
DA:469,0
DA:470,0
DA:482,0
DA:486,0
DA:496,0
DA:497,0
DA:502,0
DA:503,0
DA:505,0
DA:506,0
DA:509,0
DA:511,0
DA:515,0
DA:518,0
DA:519,0
DA:522,0
DA:523,0
DA:526,0
DA:527,0
DA:530,0
DA:531,0
DA:534,0
DA:540,0
DA:541,0
DA:542,0
DA:543,0
DA:546,0
DA:548,0
DA:552,0
DA:553,0
DA:555,0
DA:558,0
DA:561,0
DA:562,0
DA:563,0
DA:565,0
DA:569,0
DA:573,0
DA:578,0
DA:581,0
DA:582,0
DA:583,0
DA:585,0
DA:589,0
DA:593,0
DA:598,0
DA:601,0
DA:602,0
DA:603,0
DA:605,0
DA:609,0
DA:614,0
DA:615,0
DA:616,0
DA:617,0
DA:618,0
DA:629,0
DA:633,0
DA:634,0
DA:636,0
DA:637,0
DA:638,0
DA:640,0
DA:641,0
DA:642,0
DA:645,0
DA:646,0
DA:647,0
DA:651,0
DA:652,0
DA:655,0
DA:656,0
DA:657,0
DA:662,0
DA:663,0
DA:664,0
DA:665,0
DA:667,0
DA:670,0
DA:671,0
DA:673,0
DA:676,0
DA:677,0
DA:680,0
DA:682,0
DA:683,0
DA:690,0
DA:691,0
DA:693,0
DA:694,0
DA:699,0
DA:701,0
DA:707,0
DA:708,0
DA:710,0
DA:712,0
DA:727,0
DA:728,0
DA:729,0
DA:730,0
DA:732,0
DA:734,0
DA:739,0
DA:743,0
DA:746,0
DA:747,0
DA:749,0
DA:753,0
DA:756,0
DA:758,0
DA:759,0
DA:763,0
DA:766,0
DA:768,0
DA:770,0
DA:786,0
DA:787,0
DA:788,0
DA:789,0
DA:791,0
DA:793,0
DA:798,0
DA:822,0
DA:826,0
DA:831,0
DA:835,0
DA:841,0
DA:842,0
DA:844,0
DA:847,0
DA:848,0
DA:851,0
DA:852,0
DA:854,0
DA:859,0
DA:861,0
DA:863,0
DA:865,0
DA:866,0
DA:867,0
DA:870,0
DA:876,0
DA:884,0
DA:885,0
DA:888,0
DA:889,0
DA:890,0
DA:895,0
DA:899,0
DA:901,0
DA:905,0
DA:906,0
DA:908,0
DA:912,0
DA:915,0
DA:916,0
DA:917,0
DA:922,0
DA:932,0
DA:933,0
DA:934,0
DA:935,0
DA:936,0
DA:939,0
DA:940,0
DA:943,0
DA:944,0
DA:947,0
DA:948,0
DA:949,0
DA:951,0
DA:952,0
DA:953,0
DA:955,0
DA:1004,0
DA:1005,0
DA:1007,0
DA:1009,0
DA:1010,0
DA:1011,0
DA:1012,0
DA:1013,0
DA:1018,0
DA:1019,0
DA:1020,0
DA:1021,0
DA:1022,0
DA:1023,0
DA:1027,0
DA:1031,0
DA:1032,0
DA:1043,0
DA:1053,0
DA:1054,0
DA:1058,0
DA:1061,0
DA:1062,0
DA:1065,0
DA:1066,0
DA:1067,0
DA:1068,0
DA:1070,0
DA:1071,0
DA:1072,0
DA:1077,0
DA:1079,0
DA:1081,0
DA:1083,0
DA:1085,0
DA:1086,0
DA:1087,0
DA:1090,0
DA:1095,0
DA:1102,0
DA:1106,0
DA:1109,0
DA:1116,0
DA:1117,0
DA:1118,0
DA:1119,0
DA:1125,0
DA:1129,0
DA:1135,0
DA:1136,0
DA:1138,0
DA:1146,0
DA:1149,0
DA:1150,0
DA:1187,0
DA:1188,0
DA:1191,0
DA:1193,0
DA:1197,0
DA:1255,0
DA:1258,0
DA:1261,0
DA:1264,0
DA:1275,0
DA:1277,0
DA:1278,0
DA:1281,0
DA:1282,0
DA:1290,0
DA:1292,0
DA:1294,0
DA:1295,0
DA:1297,0
DA:1298,0
DA:1309,0
DA:1312,0
DA:1315,0
DA:1319,0
DA:1321,0
DA:1323,0
DA:1325,0
DA:1326,0
DA:1327,0
DA:1329,0
DA:1330,0
DA:1331,0
DA:1333,0
DA:1339,0
DA:1347,0
DA:1348,0
DA:1352,0
DA:1355,0
DA:1356,0
DA:1358,0
DA:1359,0
DA:1360,0
DA:1365,0
DA:1368,0
DA:1369,0
DA:1375,0
DA:1378,0
DA:1379,0
DA:1383,0
DA:1384,0
DA:1385,0
DA:1389,0
DA:1392,0
DA:1393,0
DA:1398,0
DA:1399,0
DA:1400,0
DA:1407,0
DA:1409,0
DA:1411,0
DA:1414,0
DA:1418,0
DA:1419,0
DA:1421,0
DA:1422,0
DA:1424,0
DA:1480,0
DA:1509,0
DA:1510,0
DA:1514,0
DA:1521,0
DA:1525,0
DA:1529,0
DA:1530,0
DA:1533,0
DA:1539,0
DA:1541,0
DA:1542,0
DA:1545,0
DA:1549,0
DA:1554,0
DA:1557,0
DA:1563,0
DA:1570,0
DA:1574,0
DA:1578,0
DA:1582,0
DA:1585,0
DA:1589,0
DA:1594,0
DA:1595,0
DA:1596,0
DA:1598,0
DA:1603,0
DA:1605,0
DA:1606,0
DA:1607,0
DA:1608,0
DA:1609,0
DA:1610,0
DA:1619,0
DA:1620,0
DA:1621,0
DA:1622,0
DA:1623,0
DA:1624,0
DA:1625,0
DA:1626,0
DA:1627,0
DA:1629,0
DA:1630,0
DA:1631,0
LF:497
LH:0
BRDA:84,0,0,0
BRDA:84,0,1,0
BRDA:86,1,0,0
BRDA:86,1,1,0
BRDA:88,2,0,0
BRDA:88,2,1,0
BRDA:90,3,0,0
BRDA:90,3,1,0
BRDA:167,4,0,0
BRDA:167,4,1,0
BRDA:193,5,0,0
BRDA:193,5,1,0
BRDA:194,6,0,0
BRDA:194,6,1,0
BRDA:195,7,0,0
BRDA:195,7,1,0
BRDA:197,8,0,0
BRDA:197,8,1,0
BRDA:370,9,0,0
BRDA:370,9,1,0
BRDA:397,10,0,0
BRDA:397,10,1,0
BRDA:402,11,0,0
BRDA:402,11,1,0
BRDA:412,12,0,0
BRDA:412,12,1,0
BRDA:431,13,0,0
BRDA:431,13,1,0
BRDA:439,14,0,0
BRDA:439,14,1,0
BRDA:441,15,0,0
BRDA:441,15,1,0
BRDA:443,16,0,0
BRDA:443,16,1,0
BRDA:445,17,0,0
BRDA:445,17,1,0
BRDA:472,18,0,0
BRDA:472,18,1,0
BRDA:474,19,0,0
BRDA:474,19,1,0
BRDA:476,20,0,0
BRDA:476,20,1,0
BRDA:478,21,0,0
BRDA:478,21,1,0
BRDA:515,22,0,0
BRDA:515,22,1,0
BRDA:515,22,2,0
BRDA:515,22,3,0
BRDA:515,22,4,0
BRDA:562,23,0,0
BRDA:562,23,1,0
BRDA:573,24,0,0
BRDA:573,24,1,0
BRDA:582,25,0,0
BRDA:582,25,1,0
BRDA:593,26,0,0
BRDA:593,26,1,0
BRDA:602,27,0,0
BRDA:602,27,1,0
BRDA:612,28,0,0
BRDA:615,29,0,0
BRDA:615,29,1,0
BRDA:634,30,0,0
BRDA:634,30,1,0
BRDA:634,30,2,0
BRDA:634,30,3,0
BRDA:663,31,0,0
BRDA:663,31,1,0
BRDA:676,32,0,0
BRDA:676,32,1,0
BRDA:680,33,0,0
BRDA:680,33,1,0
BRDA:680,34,0,0
BRDA:680,34,1,0
BRDA:682,35,0,0
BRDA:682,35,1,0
BRDA:729,36,0,0
BRDA:729,36,1,0
BRDA:766,37,0,0
BRDA:766,37,1,0
BRDA:788,38,0,0
BRDA:788,38,1,0
BRDA:859,39,0,0
BRDA:859,39,1,0
BRDA:861,40,0,0
BRDA:861,40,1,0
BRDA:863,41,0,0
BRDA:863,41,1,0
BRDA:865,42,0,0
BRDA:865,42,1,0
BRDA:870,43,0,0
BRDA:870,43,1,0
BRDA:871,44,0,0
BRDA:871,44,1,0
BRDA:871,44,2,0
BRDA:889,45,0,0
BRDA:889,45,1,0
BRDA:933,46,0,0
BRDA:933,46,1,0
BRDA:944,47,0,0
BRDA:944,47,1,0
BRDA:948,48,0,0
BRDA:948,48,1,0
BRDA:949,49,0,0
BRDA:949,49,1,0
BRDA:1005,50,0,0
BRDA:1005,50,1,0
BRDA:1007,51,0,0
BRDA:1007,51,1,0
BRDA:1007,52,0,0
BRDA:1007,52,1,0
BRDA:1009,53,0,0
BRDA:1009,53,1,0
BRDA:1010,54,0,0
BRDA:1010,54,1,0
BRDA:1012,55,0,0
BRDA:1012,55,1,0
BRDA:1018,56,0,0
BRDA:1018,56,1,0
BRDA:1021,57,0,0
BRDA:1021,57,1,0
BRDA:1036,58,0,0
BRDA:1043,59,0,0
BRDA:1043,59,1,0
BRDA:1079,60,0,0
BRDA:1079,60,1,0
BRDA:1081,61,0,0
BRDA:1081,61,1,0
BRDA:1083,62,0,0
BRDA:1083,62,1,0
BRDA:1085,63,0,0
BRDA:1085,63,1,0
BRDA:1090,64,0,0
BRDA:1090,64,1,0
BRDA:1091,65,0,0
BRDA:1091,65,1,0
BRDA:1091,65,2,0
BRDA:1118,66,0,0
BRDA:1118,66,1,0
BRDA:1139,67,0,0
BRDA:1139,67,1,0
BRDA:1203,68,0,0
BRDA:1203,68,1,0
BRDA:1203,69,0,0
BRDA:1203,69,1,0
BRDA:1226,70,0,0
BRDA:1226,70,1,0
BRDA:1228,71,0,0
BRDA:1228,71,1,0
BRDA:1290,72,0,0
BRDA:1290,72,1,0
BRDA:1292,73,0,0
BRDA:1292,73,1,0
BRDA:1294,74,0,0
BRDA:1294,74,1,0
BRDA:1295,75,0,0
BRDA:1295,75,1,0
BRDA:1295,76,0,0
BRDA:1295,76,1,0
BRDA:1309,77,0,0
BRDA:1309,77,1,0
BRDA:1319,78,0,0
BRDA:1319,78,1,0
BRDA:1321,79,0,0
BRDA:1321,79,1,0
BRDA:1323,80,0,0
BRDA:1323,80,1,0
BRDA:1325,81,0,0
BRDA:1325,81,1,0
BRDA:1333,82,0,0
BRDA:1333,82,1,0
BRDA:1334,83,0,0
BRDA:1334,83,1,0
BRDA:1334,83,2,0
BRDA:1361,84,0,0
BRDA:1361,84,1,0
BRDA:1368,85,0,0
BRDA:1368,85,1,0
BRDA:1378,86,0,0
BRDA:1378,86,1,0
BRDA:1384,87,0,0
BRDA:1384,87,1,0
BRDA:1392,88,0,0
BRDA:1392,88,1,0
BRDA:1399,89,0,0
BRDA:1399,89,1,0
BRDA:1407,90,0,0
BRDA:1407,90,1,0
BRDA:1409,91,0,0
BRDA:1409,91,1,0
BRDA:1411,92,0,0
BRDA:1411,92,1,0
BRDA:1414,93,0,0
BRDA:1414,93,1,0
BRDA:1414,94,0,0
BRDA:1414,94,1,0
BRDA:1453,95,0,0
BRDA:1453,95,1,0
BRDA:1509,96,0,0
BRDA:1509,96,1,0
BRDA:1521,97,0,0
BRDA:1521,97,1,0
BRDA:1522,98,0,0
BRDA:1522,98,1,0
BRDA:1522,98,2,0
BRDA:1529,99,0,0
BRDA:1529,99,1,0
BRDA:1529,100,0,0
BRDA:1529,100,1,0
BRDA:1533,101,0,0
BRDA:1533,101,1,0
BRDA:1534,102,0,0
BRDA:1534,102,1,0
BRDA:1534,102,2,0
BRDA:1539,103,0,0
BRDA:1539,103,1,0
BRDA:1541,104,0,0
BRDA:1541,104,1,0
BRDA:1541,105,0,0
BRDA:1541,105,1,0
BRDA:1549,106,0,0
BRDA:1549,106,1,0
BRDA:1550,107,0,0
BRDA:1550,107,1,0
BRDA:1550,107,2,0
BRDA:1557,108,0,0
BRDA:1557,108,1,0
BRDA:1558,109,0,0
BRDA:1558,109,1,0
BRDA:1558,109,2,0
BRDA:1570,110,0,0
BRDA:1570,110,1,0
BRDA:1571,111,0,0
BRDA:1571,111,1,0
BRDA:1578,112,0,0
BRDA:1578,112,1,0
BRDA:1579,113,0,0
BRDA:1579,113,1,0
BRDA:1609,114,0,0
BRDA:1609,114,1,0
BRDA:1624,115,0,0
BRDA:1624,115,1,0
BRF:242
BRH:0
end_of_record
TN:
SF:docs/calculator/components/DualSlider.js
FN:6,(anonymous_0)
FN:31,(anonymous_1)
FN:37,(anonymous_2)
FN:99,(anonymous_3)
FN:109,(anonymous_4)
FN:112,(anonymous_5)
FN:115,(anonymous_6)
FN:118,(anonymous_7)
FN:121,(anonymous_8)
FN:124,(anonymous_9)
FN:127,(anonymous_10)
FN:128,(anonymous_11)
FN:129,(anonymous_12)
FN:130,(anonymous_13)
FN:133,(anonymous_14)
FN:136,(anonymous_15)
FN:146,(anonymous_16)
FN:149,(anonymous_17)
FN:153,(anonymous_18)
FN:156,(anonymous_19)
FN:161,(anonymous_20)
FN:173,(anonymous_21)
FN:189,(anonymous_22)
FN:208,(anonymous_23)
FN:238,(anonymous_24)
FN:247,(anonymous_25)
FN:254,(anonymous_26)
FN:263,(anonymous_27)
FN:285,(anonymous_28)
FN:317,(anonymous_29)
FN:323,(anonymous_30)
FN:330,(anonymous_31)
FN:341,(anonymous_32)
FN:359,(anonymous_33)
FN:367,(anonymous_34)
FNF:35
FNH:0
FNDA:0,(anonymous_0)
FNDA:0,(anonymous_1)
FNDA:0,(anonymous_2)
FNDA:0,(anonymous_3)
FNDA:0,(anonymous_4)
FNDA:0,(anonymous_5)
FNDA:0,(anonymous_6)
FNDA:0,(anonymous_7)
FNDA:0,(anonymous_8)
FNDA:0,(anonymous_9)
FNDA:0,(anonymous_10)
FNDA:0,(anonymous_11)
FNDA:0,(anonymous_12)
FNDA:0,(anonymous_13)
FNDA:0,(anonymous_14)
FNDA:0,(anonymous_15)
FNDA:0,(anonymous_16)
FNDA:0,(anonymous_17)
FNDA:0,(anonymous_18)
FNDA:0,(anonymous_19)
FNDA:0,(anonymous_20)
FNDA:0,(anonymous_21)
FNDA:0,(anonymous_22)
FNDA:0,(anonymous_23)
FNDA:0,(anonymous_24)
FNDA:0,(anonymous_25)
FNDA:0,(anonymous_26)
FNDA:0,(anonymous_27)
FNDA:0,(anonymous_28)
FNDA:0,(anonymous_29)
FNDA:0,(anonymous_30)
FNDA:0,(anonymous_31)
FNDA:0,(anonymous_32)
FNDA:0,(anonymous_33)
FNDA:0,(anonymous_34)
DA:7,0
DA:22,0
DA:23,0
DA:24,0
DA:25,0
DA:26,0
DA:28,0
DA:32,0
DA:33,0
DA:34,0
DA:38,0
DA:40,0
DA:41,0
DA:42,0
DA:96,0
DA:100,0
DA:101,0
DA:104,0
DA:109,0
DA:110,0
DA:112,0
DA:113,0
DA:115,0
DA:118,0
DA:119,0
DA:121,0
DA:122,0
DA:124,0
DA:127,0
DA:128,0
DA:129,0
DA:130,0
DA:133,0
DA:134,0
DA:136,0
DA:137,0
DA:141,0
DA:144,0
DA:146,0
DA:147,0
DA:149,0
DA:150,0
DA:153,0
DA:154,0
DA:156,0
DA:157,0
DA:162,0
DA:163,0
DA:164,0
DA:165,0
DA:169,0
DA:170,0
DA:174,0
DA:176,0
DA:177,0
DA:178,0
DA:179,0
DA:180,0
DA:184,0
DA:186,0
DA:190,0
DA:192,0
DA:193,0
DA:194,0
DA:195,0
DA:198,0
DA:199,0
DA:201,0
DA:202,0
DA:204,0
DA:209,0
DA:210,0
DA:212,0
DA:215,0
DA:216,0
DA:217,0
DA:220,0
DA:221,0
DA:222,0
DA:224,0
DA:225,0
DA:226,0
DA:228,0
DA:229,0
DA:230,0
DA:232,0
DA:235,0
DA:239,0
DA:241,0
DA:242,0
DA:243,0
DA:244,0
DA:248,0
DA:249,0
DA:250,0
DA:255,0
DA:256,0
DA:258,0
DA:265,0
DA:266,0
DA:269,0
DA:270,0
DA:271,0
DA:272,0
DA:275,0
DA:276,0
DA:278,0
DA:281,0
DA:282,0
DA:286,0
DA:289,0
DA:292,0
DA:293,0
DA:296,0
DA:300,0
DA:301,0
DA:303,0
DA:304,0
DA:305,0
DA:306,0
DA:309,0
DA:310,0
DA:312,0
DA:313,0
DA:318,0
DA:324,0
DA:331,0
DA:332,0
DA:342,0
DA:346,0
DA:352,0
DA:353,0
DA:356,0
DA:360,0
DA:368,0
DA:369,0
LF:136
LH:0
BRDA:6,0,0,0
BRDA:38,1,0,0
BRDA:38,1,1,0
BRDA:166,2,0,0
BRDA:166,2,1,0
BRDA:174,3,0,0
BRDA:174,3,1,0
BRDA:177,4,0,0
BRDA:177,4,1,0
BRDA:190,5,0,0
BRDA:190,5,1,0
BRDA:201,6,0,0
BRDA:201,6,1,0
BRDA:210,7,0,0
BRDA:210,7,1,0
BRDA:212,8,0,0
BRDA:212,8,1,0
BRDA:212,8,2,0
BRDA:212,8,3,0
BRDA:212,8,4,0
BRDA:212,8,5,0
BRDA:212,8,6,0
BRDA:239,9,0,0
BRDA:239,9,1,0
BRDA:249,10,0,0
BRDA:249,10,1,0
BRDA:256,11,0,0
BRDA:256,11,1,0
BRDA:256,12,0,0
BRDA:256,12,1,0
BRDA:256,12,2,0
BRDA:259,13,0,0
BRDA:259,13,1,0
BRDA:269,14,0,0
BRDA:269,14,1,0
BRDA:269,15,0,0
BRDA:269,15,1,0
BRDA:271,16,0,0
BRDA:271,16,1,0
BRDA:271,17,0,0
BRDA:271,17,1,0
BRDA:275,18,0,0
BRDA:275,18,1,0
BRDA:309,19,0,0
BRDA:309,19,1,0
BRDA:309,20,0,0
BRDA:309,20,1,0
BRDA:312,21,0,0
BRDA:312,21,1,0
BRDA:312,22,0,0
BRDA:312,22,1,0
BRDA:331,23,0,0
BRDA:331,23,1,0
BRDA:352,24,0,0
BRDA:352,24,1,0
BRDA:368,25,0,0
BRDA:368,25,1,0
BRDA:368,26,0,0
BRDA:368,26,1,0
BRF:59
BRH:0
end_of_record
TN:
SF:docs/calculator/services/ChartManager.js
FN:5,(anonymous_0)
FN:16,(anonymous_1)
FN:172,(anonymous_2)
FN:175,(anonymous_3)
FN:220,(anonymous_4)
FN:251,(anonymous_5)
FN:296,(anonymous_6)
FN:350,(anonymous_7)
FN:371,(anonymous_8)
FN:375,(anonymous_9)
FN:392,(anonymous_10)
FN:451,(anonymous_11)
FN:453,(anonymous_12)
FN:454,(anonymous_13)
FN:462,(anonymous_14)
FN:463,(anonymous_15)
FN:472,(anonymous_16)
FN:477,(anonymous_17)
FN:486,(anonymous_18)
FN:517,(anonymous_19)
FN:520,(anonymous_20)
FN:536,(anonymous_21)
FN:539,(anonymous_22)
FNF:23
FNH:13
FNDA:19,(anonymous_0)
FNDA:11,(anonymous_1)
FNDA:0,(anonymous_2)
FNDA:0,(anonymous_3)
FNDA:0,(anonymous_4)
FNDA:5,(anonymous_5)
FNDA:18,(anonymous_6)
FNDA:306,(anonymous_7)
FNDA:51,(anonymous_8)
FNDA:18,(anonymous_9)
FNDA:6,(anonymous_10)
FNDA:0,(anonymous_11)
FNDA:0,(anonymous_12)
FNDA:0,(anonymous_13)
FNDA:0,(anonymous_14)
FNDA:0,(anonymous_15)
FNDA:0,(anonymous_16)
FNDA:0,(anonymous_17)
FNDA:1,(anonymous_18)
FNDA:1,(anonymous_19)
FNDA:8,(anonymous_20)
FNDA:11,(anonymous_21)
FNDA:88,(anonymous_22)
DA:6,19
DA:7,19
DA:8,19
DA:17,11
DA:18,11
DA:20,10
DA:173,0
DA:176,0
DA:221,0
DA:239,10
DA:252,5
DA:260,5
DA:263,5
DA:268,2
DA:269,2
DA:270,2
DA:271,2
DA:272,2
DA:276,3
DA:284,3
DA:287,3
DA:288,3
DA:289,3
DA:293,3
DA:296,18
DA:299,3
DA:300,3
DA:302,3
DA:303,51
DA:306,51
DA:310,51
DA:313,51
DA:314,51
DA:316,51
DA:320,7
DA:323,44
DA:324,63
DA:325,63
DA:327,63
DA:331,44
DA:332,44
DA:333,44
DA:334,44
DA:337,44
DA:343,0
DA:344,0
DA:347,51
DA:350,51
DA:351,306
DA:359,306
DA:364,306
DA:366,306
DA:371,51
DA:372,3
DA:373,3
DA:375,3
DA:376,18
DA:379,3
DA:404,6
DA:405,6
DA:410,6
DA:412,1
DA:413,5
DA:415,3
DA:416,3
DA:419,2
DA:420,2
DA:424,6
DA:425,6
DA:427,1
DA:428,5
DA:430,0
DA:431,5
DA:433,5
DA:437,6
DA:439,6
DA:443,6
DA:445,6
DA:453,0
DA:454,0
DA:455,0
DA:456,0
DA:457,0
DA:462,0
DA:463,0
DA:464,0
DA:465,0
DA:466,0
DA:472,0
DA:473,0
DA:477,0
DA:478,0
DA:487,1
DA:489,1
DA:490,1
DA:494,1
DA:496,1
DA:499,1
DA:500,1
DA:501,1
DA:502,1
DA:504,0
DA:505,0
DA:506,0
DA:510,1
DA:518,1
DA:520,1
DA:521,8
DA:522,8
DA:523,8
DA:524,8
DA:525,8
DA:526,8
DA:530,1
DA:537,11
DA:539,11
DA:541,88
DA:545,22
DA:546,22
DA:547,22
DA:548,6
DA:549,6
DA:550,6
DA:553,66
DA:554,66
DA:555,66
DA:556,18
DA:558,18
DA:559,18
DA:564,11
LF:130
LH:107
BRDA:5,0,0,1
BRDA:9,1,0,18
BRDA:9,1,1,1
BRDA:16,2,0,11
BRDA:18,3,0,1
BRDA:18,3,1,10
BRDA:251,4,0,0
BRDA:252,5,0,0
BRDA:252,5,1,5
BRDA:255,6,0,0
BRDA:256,7,0,0
BRDA:257,8,0,0
BRDA:258,9,0,0
BRDA:259,10,0,3
BRDA:263,11,0,2
BRDA:263,11,1,3
BRDA:264,12,0,5
BRDA:264,12,1,4
BRDA:264,12,2,3
BRDA:293,13,0,3
BRDA:293,13,1,0
BRDA:299,14,0,1
BRDA:299,14,1,2
BRDA:314,15,0,51
BRDA:314,15,1,0
BRDA:314,16,0,51
BRDA:314,16,1,51
BRDA:316,17,0,7
BRDA:316,17,1,44
BRDA:327,18,0,44
BRDA:327,18,1,19
BRDA:327,19,0,63
BRDA:327,19,1,63
BRDA:410,20,0,1
BRDA:410,20,1,5
BRDA:413,21,0,3
BRDA:413,21,1,2
BRDA:425,22,0,1
BRDA:425,22,1,5
BRDA:428,23,0,0
BRDA:428,23,1,5
BRDA:431,24,0,5
BRDA:431,24,1,0
BRDA:464,25,0,0
BRDA:464,25,1,0
BRDA:487,26,0,0
BRDA:487,26,1,1
BRDA:494,27,0,1
BRDA:494,27,1,0
BRDA:494,28,0,1
BRDA:494,28,1,1
BRDA:499,29,0,1
BRDA:499,29,1,0
BRDA:518,30,0,0
BRDA:518,30,1,1
BRDA:523,31,0,8
BRDA:523,31,1,0
BRDA:537,32,0,0
BRDA:537,32,1,11
BRDA:541,33,0,22
BRDA:541,33,1,66
BRDA:542,34,0,88
BRDA:542,34,1,77
BRDA:547,35,0,6
BRDA:547,35,1,16
BRDA:555,36,0,18
BRDA:555,36,1,48
BRF:67
BRH:49
end_of_record
TN:
SF:docs/calculator/services/GoogleMapsManager.js
FN:4,(anonymous_0)
FN:17,(anonymous_1)
FN:31,(anonymous_2)
FN:36,(anonymous_3)
FN:93,(anonymous_4)
FN:95,(anonymous_5)
FN:105,(anonymous_6)
FN:108,(anonymous_7)
FN:113,(anonymous_8)
FN:118,(anonymous_9)
FN:119,(anonymous_10)
FN:126,(anonymous_11)
FN:148,(anonymous_12)
FN:151,(anonymous_13)
FN:167,(anonymous_14)
FN:197,(anonymous_15)
FN:209,(anonymous_16)
FN:225,(anonymous_17)
FN:232,(anonymous_18)
FN:239,(anonymous_19)
FN:247,(anonymous_20)
FN:251,(anonymous_21)
FN:254,(anonymous_22)
FN:281,(anonymous_23)
FN:294,(anonymous_24)
FN:365,(anonymous_25)
FN:366,(anonymous_26)
FN:412,(anonymous_27)
FN:416,(anonymous_28)
FN:420,(anonymous_29)
FN:499,(anonymous_30)
FN:551,(anonymous_31)
FN:575,(anonymous_32)
FN:591,(anonymous_33)
FN:599,(anonymous_34)
FN:603,(anonymous_35)
FN:614,(anonymous_36)
FN:618,(anonymous_37)
FN:625,(anonymous_38)
FN:638,(anonymous_39)
FN:643,(anonymous_40)
FN:648,(anonymous_41)
FN:674,(anonymous_42)
FN:681,(anonymous_43)
FN:688,(anonymous_44)
FN:689,(anonymous_45)
FN:696,(anonymous_46)
FN:698,(anonymous_47)
FN:716,(anonymous_48)
FN:722,(anonymous_49)
FN:740,(anonymous_50)
FN:762,(anonymous_51)
FN:769,(anonymous_52)
FN:776,(anonymous_53)
FN:783,(anonymous_54)
FN:787,(anonymous_55)
FN:791,(anonymous_56)
FN:795,(anonymous_57)
FN:799,(anonymous_58)
FN:803,(anonymous_59)
FN:807,(anonymous_60)
FN:811,(anonymous_61)
FN:815,(anonymous_62)
FNF:63
FNH:32
FNDA:27,(anonymous_0)
FNDA:28,(anonymous_1)
FNDA:0,(anonymous_2)
FNDA:0,(anonymous_3)
FNDA:0,(anonymous_4)
FNDA:0,(anonymous_5)
FNDA:0,(anonymous_6)
FNDA:0,(anonymous_7)
FNDA:27,(anonymous_8)
FNDA:0,(anonymous_9)
FNDA:0,(anonymous_10)
FNDA:0,(anonymous_11)
FNDA:0,(anonymous_12)
FNDA:0,(anonymous_13)
FNDA:2,(anonymous_14)
FNDA:0,(anonymous_15)
FNDA:29,(anonymous_16)
FNDA:1,(anonymous_17)
FNDA:29,(anonymous_18)
FNDA:27,(anonymous_19)
FNDA:1,(anonymous_20)
FNDA:1,(anonymous_21)
FNDA:0,(anonymous_22)
FNDA:0,(anonymous_23)
FNDA:3,(anonymous_24)
FNDA:1,(anonymous_25)
FNDA:1,(anonymous_26)
FNDA:2,(anonymous_27)
FNDA:2,(anonymous_28)
FNDA:2,(anonymous_29)
FNDA:2,(anonymous_30)
FNDA:2,(anonymous_31)
FNDA:0,(anonymous_32)
FNDA:0,(anonymous_33)
FNDA:1,(anonymous_34)
FNDA:0,(anonymous_35)
FNDA:0,(anonymous_36)
FNDA:4,(anonymous_37)
FNDA:4,(anonymous_38)
FNDA:8,(anonymous_39)
FNDA:56,(anonymous_40)
FNDA:48,(anonymous_41)
FNDA:1,(anonymous_42)
FNDA:2,(anonymous_43)
FNDA:0,(anonymous_44)
FNDA:0,(anonymous_45)
FNDA:1,(anonymous_46)
FNDA:1,(anonymous_47)
FNDA:0,(anonymous_48)
FNDA:4,(anonymous_49)
FNDA:6,(anonymous_50)
FNDA:3,(anonymous_51)
FNDA:2,(anonymous_52)
FNDA:0,(anonymous_53)
FNDA:0,(anonymous_54)
FNDA:0,(anonymous_55)
FNDA:0,(anonymous_56)
FNDA:0,(anonymous_57)
FNDA:0,(anonymous_58)
FNDA:0,(anonymous_59)
FNDA:0,(anonymous_60)
FNDA:0,(anonymous_61)
FNDA:0,(anonymous_62)
DA:5,27
DA:6,27
DA:7,27
DA:8,27
DA:9,27
DA:10,27
DA:11,27
DA:12,27
DA:13,27
DA:14,27
DA:18,28
DA:19,28
DA:24,28
DA:25,28
DA:27,0
DA:32,0
DA:34,0
DA:36,0
DA:38,0
DA:40,0
DA:44,0
DA:46,0
DA:47,0
DA:48,0
DA:49,0
DA:50,0
DA:51,0
DA:53,0
DA:54,0
DA:55,0
DA:58,0
DA:59,0
DA:61,0
DA:69,0
DA:70,0
DA:73,0
DA:79,0
DA:80,0
DA:81,0
DA:83,0
DA:84,0
DA:87,0
DA:90,0
DA:91,0
DA:93,0
DA:94,0
DA:95,0
DA:96,0
DA:97,0
DA:103,0
DA:105,0
DA:106,0
DA:109,0
DA:114,27
DA:119,0
DA:120,0
DA:121,0
DA:122,0
DA:124,0
DA:126,0
DA:127,0
DA:128,0
DA:129,0
DA:132,0
DA:134,0
DA:135,0
DA:136,0
DA:137,0
DA:139,0
DA:140,0
DA:142,0
DA:143,0
DA:146,0
DA:147,0
DA:148,0
DA:149,0
DA:151,0
DA:153,0
DA:154,0
DA:155,0
DA:157,0
DA:159,0
DA:160,0
DA:163,0
DA:169,2
DA:174,2
DA:178,1
DA:182,1
DA:183,1
DA:187,0
DA:188,0
DA:189,0
DA:192,0
DA:194,0
DA:198,0
DA:199,0
DA:200,0
DA:201,0
DA:205,0
DA:210,29
DA:211,29
DA:213,26
DA:214,26
DA:217,3
DA:226,1
DA:227,1
DA:229,1
DA:233,29
DA:236,29
DA:240,27
DA:241,27
DA:248,1
DA:249,0
DA:251,1
DA:252,1
DA:253,0
DA:255,0
DA:260,0
DA:261,0
DA:264,0
DA:265,0
DA:271,0
DA:278,0
DA:279,0
DA:282,0
DA:283,0
DA:284,0
DA:288,1
DA:289,1
DA:295,3
DA:296,0
DA:298,3
DA:299,3
DA:300,3
DA:312,3
DA:313,2
DA:314,2
DA:315,2
DA:316,2
DA:318,2
DA:337,2
DA:339,2
DA:353,1
DA:354,1
DA:357,1
DA:358,1
DA:361,1
DA:366,1
DA:369,1
DA:378,1
DA:380,1
DA:404,1
DA:408,1
DA:411,1
DA:412,2
DA:415,1
DA:416,2
DA:419,1
DA:420,2
DA:425,1
DA:427,1
DA:461,1
DA:462,1
DA:476,1
DA:480,1
DA:487,0
DA:495,1
DA:500,2
DA:506,1
DA:510,1
DA:551,2
DA:576,0
DA:591,1
DA:592,0
DA:595,1
DA:602,1
DA:604,0
DA:605,0
DA:606,0
DA:607,0
DA:609,0
DA:615,0
DA:619,4
DA:620,1
DA:623,3
DA:625,3
DA:626,4
DA:628,4
DA:629,4
DA:630,4
DA:635,3
DA:640,8
DA:642,8
DA:643,8
DA:645,56
DA:648,56
DA:649,48
DA:655,8
DA:656,0
DA:657,0
DA:658,0
DA:659,0
DA:660,0
DA:661,0
DA:662,0
DA:663,0
DA:664,0
DA:665,0
DA:666,0
DA:667,0
DA:668,0
DA:671,8
DA:675,1
DA:676,1
DA:677,1
DA:682,2
DA:683,2
DA:684,2
DA:689,0
DA:690,0
DA:698,1
DA:699,1
DA:702,1
DA:705,1
DA:706,1
DA:707,1
DA:708,1
DA:711,1
DA:714,1
DA:716,1
DA:717,0
DA:718,0
DA:723,4
DA:724,1
DA:726,3
DA:727,1
DA:730,2
DA:737,2
DA:741,6
DA:742,6
DA:743,6
DA:745,6
DA:746,1
DA:747,5
DA:748,1
DA:749,4
DA:750,1
DA:751,1
DA:752,3
DA:753,1
DA:754,1
DA:756,2
DA:757,2
DA:759,6
DA:763,3
DA:764,3
DA:765,2
DA:770,2
DA:771,2
DA:772,1
DA:777,0
DA:778,0
DA:779,0
DA:780,0
DA:784,0
DA:788,0
DA:792,0
DA:796,0
DA:800,0
DA:804,0
DA:808,0
DA:812,0
DA:816,0
LF:273
LH:141
BRDA:4,0,0,0
BRDA:40,1,0,0
BRDA:40,1,1,0
BRDA:46,2,0,0
BRDA:46,2,1,0
BRDA:69,3,0,0
BRDA:69,3,1,0
BRDA:91,4,0,0
BRDA:91,4,1,0
BRDA:96,5,0,0
BRDA:96,5,1,0
BRDA:120,6,0,0
BRDA:120,6,1,0
BRDA:120,7,0,0
BRDA:120,7,1,0
BRDA:124,8,0,0
BRDA:124,8,1,0
BRDA:127,9,0,0
BRDA:127,9,1,0
BRDA:127,10,0,0
BRDA:127,10,1,0
BRDA:135,11,0,0
BRDA:135,11,1,0
BRDA:154,12,0,0
BRDA:154,12,1,0
BRDA:154,13,0,0
BRDA:154,13,1,0
BRDA:170,14,0,2
BRDA:170,14,1,0
BRDA:174,15,0,1
BRDA:174,15,1,1
BRDA:175,16,0,2
BRDA:175,16,1,1
BRDA:182,17,0,1
BRDA:182,17,1,0
BRDA:182,18,0,1
BRDA:182,18,1,1
BRDA:188,19,0,0
BRDA:188,19,1,0
BRDA:200,20,0,0
BRDA:200,20,1,0
BRDA:211,21,0,26
BRDA:211,21,1,3
BRDA:234,22,0,29
BRDA:234,22,1,26
BRDA:248,23,0,0
BRDA:248,23,1,1
BRDA:252,24,0,0
BRDA:252,24,1,1
BRDA:295,25,0,0
BRDA:295,25,1,3
BRDA:339,26,0,1
BRDA:339,26,1,1
BRDA:339,27,0,2
BRDA:339,27,1,2
BRDA:369,28,0,0
BRDA:369,28,1,1
BRDA:369,29,0,1
BRDA:369,29,1,0
BRDA:374,30,0,1
BRDA:374,30,1,0
BRDA:378,31,0,1
BRDA:378,31,1,1
BRDA:378,31,2,0
BRDA:380,32,0,1
BRDA:380,32,1,1
BRDA:380,32,2,1
BRDA:404,33,0,1
BRDA:404,33,1,0
BRDA:465,34,0,1
BRDA:465,34,1,1
BRDA:476,35,0,1
BRDA:476,35,1,0
BRDA:477,36,0,1
BRDA:477,36,1,1
BRDA:495,37,0,1
BRDA:495,37,1,0
BRDA:517,38,0,0
BRDA:517,38,1,1
BRDA:526,39,0,0
BRDA:526,39,1,1
BRDA:545,40,0,1
BRDA:545,40,1,0
BRDA:569,41,0,0
BRDA:569,41,1,1
BRDA:602,42,0,0
BRDA:602,42,1,1
BRDA:604,43,0,0
BRDA:604,43,1,0
BRDA:606,44,0,0
BRDA:606,44,1,0
BRDA:619,45,0,1
BRDA:619,45,1,3
BRDA:626,46,0,4
BRDA:626,46,1,0
BRDA:629,47,0,4
BRDA:629,47,1,0
BRDA:629,48,0,4
BRDA:629,48,1,4
BRDA:642,49,0,8
BRDA:642,49,1,0
BRDA:655,50,0,0
BRDA:655,50,1,8
BRDA:671,51,0,8
BRDA:671,51,1,5
BRDA:676,52,0,1
BRDA:676,52,1,0
BRDA:683,53,0,2
BRDA:683,53,1,0
BRDA:723,54,0,1
BRDA:723,54,1,3
BRDA:726,55,0,1
BRDA:726,55,1,2
BRDA:742,56,0,2
BRDA:742,56,1,4
BRDA:745,57,0,1
BRDA:745,57,1,5
BRDA:745,58,0,6
BRDA:745,58,1,6
BRDA:747,59,0,1
BRDA:747,59,1,4
BRDA:749,60,0,1
BRDA:749,60,1,3
BRDA:752,61,0,1
BRDA:752,61,1,2
BRDA:762,62,0,2
BRDA:764,63,0,2
BRDA:764,63,1,1
BRDA:769,64,0,2
BRDA:771,65,0,1
BRDA:771,65,1,1
BRDA:776,66,0,0
BRDA:778,67,0,0
BRDA:778,67,1,0
BRF:134
BRH:73
end_of_record
TN:
SF:docs/calculator/services/TariffClasses.js
FN:19,loadEnums
FN:38,(anonymous_1)
FN:49,(anonymous_2)
FN:66,(anonymous_3)
FN:75,(anonymous_4)
FN:85,(anonymous_5)
FN:89,(anonymous_6)
FN:96,(anonymous_7)
FN:139,(anonymous_8)
FN:150,(anonymous_9)
FN:161,(anonymous_10)
FN:174,(anonymous_11)
FN:181,(anonymous_12)
FN:203,(anonymous_13)
FN:215,(anonymous_14)
FN:322,(anonymous_15)
FN:330,(anonymous_16)
FN:336,(anonymous_17)
FN:369,(anonymous_18)
FN:381,(anonymous_19)
FN:495,(anonymous_20)
FN:499,(anonymous_21)
FN:507,(anonymous_22)
FN:512,(anonymous_23)
FN:531,(anonymous_24)
FN:536,(anonymous_25)
FN:559,(anonymous_26)
FN:614,(anonymous_27)
FN:625,(anonymous_28)
FN:656,(anonymous_29)
FN:671,(anonymous_30)
FN:693,(anonymous_31)
FN:716,(anonymous_32)
FN:723,(anonymous_33)
FN:745,(anonymous_34)
FN:762,(anonymous_35)
FN:768,(anonymous_36)
FN:778,(anonymous_37)
FN:788,(anonymous_38)
FN:798,(anonymous_39)
FN:807,(anonymous_40)
FN:809,(anonymous_41)
FN:825,(anonymous_42)
FN:851,(anonymous_43)
FN:852,(anonymous_44)
FN:858,(anonymous_45)
FN:859,(anonymous_46)
FN:869,(anonymous_47)
FN:877,(anonymous_48)
FN:878,(anonymous_49)
FN:879,(anonymous_50)
FN:885,(anonymous_51)
FN:889,(anonymous_52)
FN:891,(anonymous_53)
FN:898,(anonymous_54)
FN:904,(anonymous_55)
FN:915,(anonymous_56)
FN:925,(anonymous_57)
FN:962,(anonymous_58)
FN:968,(anonymous_59)
FN:969,(anonymous_60)
FN:975,(anonymous_61)
FN:977,(anonymous_62)
FN:978,(anonymous_63)
FNF:64
FNH:63
FNDA:1,loadEnums
FNDA:56,(anonymous_1)
FNDA:12,(anonymous_2)
FNDA:2,(anonymous_3)
FNDA:72,(anonymous_4)
FNDA:27,(anonymous_5)
FNDA:52,(anonymous_6)
FNDA:18,(anonymous_7)
FNDA:23,(anonymous_8)
FNDA:3,(anonymous_9)
FNDA:3,(anonymous_10)
FNDA:22,(anonymous_11)
FNDA:22,(anonymous_12)
FNDA:31,(anonymous_13)
FNDA:8,(anonymous_14)
FNDA:41,(anonymous_15)
FNDA:41,(anonymous_16)
FNDA:33,(anonymous_17)
FNDA:56,(anonymous_18)
FNDA:32,(anonymous_19)
FNDA:6,(anonymous_20)
FNDA:5,(anonymous_21)
FNDA:10,(anonymous_22)
FNDA:10,(anonymous_23)
FNDA:9,(anonymous_24)
FNDA:5,(anonymous_25)
FNDA:3,(anonymous_26)
FNDA:64,(anonymous_27)
FNDA:62,(anonymous_28)
FNDA:27,(anonymous_29)
FNDA:35,(anonymous_30)
FNDA:20,(anonymous_31)
FNDA:32,(anonymous_32)
FNDA:6,(anonymous_33)
FNDA:10,(anonymous_34)
FNDA:0,(anonymous_35)
FNDA:11,(anonymous_36)
FNDA:27,(anonymous_37)
FNDA:28,(anonymous_38)
FNDA:38,(anonymous_39)
FNDA:38,(anonymous_40)
FNDA:38,(anonymous_41)
FNDA:38,(anonymous_42)
FNDA:2,(anonymous_43)
FNDA:2,(anonymous_44)
FNDA:2,(anonymous_45)
FNDA:2,(anonymous_46)
FNDA:7,(anonymous_47)
FNDA:7,(anonymous_48)
FNDA:35,(anonymous_49)
FNDA:35,(anonymous_50)
FNDA:4,(anonymous_51)
FNDA:5,(anonymous_52)
FNDA:5,(anonymous_53)
FNDA:5,(anonymous_54)
FNDA:10,(anonymous_55)
FNDA:1,(anonymous_56)
FNDA:5,(anonymous_57)
FNDA:7,(anonymous_58)
FNDA:1,(anonymous_59)
FNDA:5,(anonymous_60)
FNDA:1,(anonymous_61)
FNDA:5,(anonymous_62)
FNDA:6,(anonymous_63)
DA:12,1
DA:13,1
DA:20,1
DA:21,1
DA:25,1
DA:27,0
DA:32,1
DA:39,56
DA:40,56
DA:41,56
DA:42,56
DA:43,56
DA:50,12
DA:51,12
DA:52,12
DA:55,12
DA:56,5
DA:57,5
DA:60,7
DA:67,2
DA:76,72
DA:77,72
DA:86,27
DA:87,27
DA:88,27
DA:89,52
DA:97,18
DA:99,18
DA:100,18
DA:101,18
DA:102,9
DA:105,18
DA:108,18
DA:109,35
DA:110,35
DA:111,35
DA:112,18
DA:116,35
DA:117,27
DA:118,27
DA:119,27
DA:122,27
DA:124,9
DA:126,9
DA:131,18
DA:140,23
DA:141,23
DA:142,23
DA:143,23
DA:144,23
DA:151,3
DA:152,3
DA:153,3
DA:155,0
DA:162,3
DA:163,3
DA:164,3
DA:166,0
DA:175,22
DA:176,22
DA:177,22
DA:178,22
DA:182,22
DA:184,22
DA:185,10
DA:188,22
DA:189,10
DA:195,22
DA:196,11
DA:203,22
DA:204,31
DA:205,0
DA:209,22
DA:222,8
DA:223,8
DA:225,8
DA:228,8
DA:230,4
DA:231,4
DA:233,4
DA:234,4
DA:238,0
DA:239,0
DA:243,0
DA:244,0
DA:250,4
DA:253,4
DA:254,4
DA:255,4
DA:256,4
DA:257,4
DA:258,0
DA:261,4
DA:262,8
DA:263,8
DA:264,8
DA:265,4
DA:269,8
DA:270,5
DA:271,5
DA:272,5
DA:275,5
DA:279,5
DA:283,4
DA:287,4
DA:288,0
DA:289,0
DA:290,0
DA:292,0
DA:295,4
DA:296,3
DA:297,3
DA:302,0
DA:304,3
DA:311,1
DA:314,4
DA:323,41
DA:324,41
DA:325,41
DA:326,41
DA:327,41
DA:331,41
DA:334,41
DA:335,11
DA:336,11
DA:337,33
DA:338,33
DA:339,11
DA:341,22
DA:350,41
DA:351,17
DA:354,41
DA:355,1
DA:361,41
DA:362,1
DA:369,41
DA:370,56
DA:371,26
DA:375,41
DA:389,32
DA:390,11
DA:391,11
DA:392,3
DA:393,8
DA:397,8
DA:408,21
DA:410,18
DA:411,18
DA:414,18
DA:415,14
DA:416,14
DA:421,0
DA:422,0
DA:427,0
DA:428,0
DA:434,0
DA:437,14
DA:441,4
DA:442,0
DA:443,0
DA:444,0
DA:446,0
DA:449,4
DA:450,0
DA:451,0
DA:456,0
DA:458,0
DA:466,4
DA:471,18
DA:474,18
DA:478,0
DA:481,18
DA:485,0
DA:488,18
DA:489,3
DA:492,18
DA:496,6
DA:497,6
DA:498,3
DA:501,5
DA:503,5
DA:505,5
DA:507,10
DA:510,5
DA:512,10
DA:515,5
DA:516,3
DA:531,9
DA:536,5
DA:539,3
DA:544,3
DA:545,0
DA:546,0
DA:555,3
DA:556,1
DA:557,1
DA:558,1
DA:560,3
DA:561,2
DA:567,1
DA:572,1
DA:576,1
DA:582,1
DA:583,1
DA:594,1
DA:596,1
DA:598,1
DA:599,2
DA:600,2
DA:603,0
DA:604,0
DA:606,6
DA:615,64
DA:616,64
DA:617,64
DA:626,62
DA:627,62
DA:628,62
DA:629,62
DA:630,62
DA:632,62
DA:633,62
DA:634,62
DA:639,62
DA:640,62
DA:641,62
DA:642,62
DA:643,62
DA:646,62
DA:647,34
DA:649,28
DA:658,27
DA:659,1
DA:668,26
DA:678,35
DA:679,27
DA:680,27
DA:701,20
DA:703,20
DA:705,20
DA:713,20
DA:717,32
DA:731,6
DA:739,6
DA:746,10
DA:748,0
DA:761,0
DA:763,0
DA:768,10
DA:769,11
DA:779,27
DA:780,27
DA:789,28
DA:790,28
DA:799,38
DA:800,38
DA:801,38
DA:802,38
DA:803,38
DA:804,38
DA:808,38
DA:819,38
DA:826,38
DA:829,38
DA:838,38
DA:840,17
DA:842,21
DA:844,0
DA:852,2
DA:859,2
DA:860,2
DA:870,7
DA:871,7
DA:878,35
DA:879,35
DA:886,4
DA:888,4
DA:889,1
DA:890,5
DA:892,5
DA:897,4
DA:898,1
DA:899,5
DA:903,4
DA:904,2
DA:905,10
DA:909,4
DA:924,1
DA:925,5
DA:962,7
DA:969,5
DA:976,1
DA:977,1
DA:978,6
DA:980,1
LF:295
LH:258
BRDA:25,0,0,1
BRDA:25,0,1,0
BRDA:38,1,0,0
BRDA:39,2,0,56
BRDA:39,2,1,0
BRDA:40,3,0,56
BRDA:40,3,1,0
BRDA:41,4,0,56
BRDA:41,4,1,11
BRDA:42,5,0,56
BRDA:42,5,1,39
BRDA:43,6,0,56
BRDA:43,6,1,39
BRDA:55,7,0,5
BRDA:55,7,1,7
BRDA:57,8,0,5
BRDA:57,8,1,4
BRDA:60,9,0,7
BRDA:60,9,1,5
BRDA:67,10,0,1
BRDA:67,10,1,1
BRDA:75,11,0,0
BRDA:76,12,0,72
BRDA:76,12,1,72
BRDA:77,13,0,72
BRDA:77,13,1,72
BRDA:85,14,0,0
BRDA:87,15,0,27
BRDA:87,15,1,0
BRDA:88,16,0,27
BRDA:88,16,1,0
BRDA:97,17,0,0
BRDA:97,17,1,18
BRDA:97,18,0,18
BRDA:97,18,1,18
BRDA:101,19,0,9
BRDA:101,19,1,9
BRDA:111,20,0,18
BRDA:111,20,1,17
BRDA:116,21,0,27
BRDA:116,21,1,8
BRDA:116,22,0,35
BRDA:116,22,1,27
BRDA:122,23,0,9
BRDA:122,23,1,18
BRDA:139,24,0,0
BRDA:141,25,0,23
BRDA:141,25,1,0
BRDA:142,26,0,23
BRDA:142,26,1,0
BRDA:143,27,0,23
BRDA:143,27,1,23
BRDA:144,28,0,23
BRDA:144,28,1,0
BRDA:151,29,0,3
BRDA:151,29,1,0
BRDA:162,30,0,3
BRDA:162,30,1,0
BRDA:174,31,0,0
BRDA:176,32,0,22
BRDA:176,32,1,0
BRDA:177,33,0,22
BRDA:177,33,1,0
BRDA:178,34,0,22
BRDA:178,34,1,1
BRDA:184,35,0,10
BRDA:184,35,1,12
BRDA:188,36,0,10
BRDA:188,36,1,12
BRDA:195,37,0,11
BRDA:195,37,1,11
BRDA:204,38,0,0
BRDA:204,38,1,31
BRDA:217,39,0,0
BRDA:220,40,0,0
BRDA:222,41,0,0
BRDA:222,41,1,8
BRDA:223,42,0,0
BRDA:223,42,1,8
BRDA:223,43,0,8
BRDA:223,43,1,8
BRDA:228,44,0,4
BRDA:228,44,1,4
BRDA:233,45,0,4
BRDA:233,45,1,0
BRDA:233,46,0,4
BRDA:233,46,1,4
BRDA:238,47,0,0
BRDA:238,47,1,0
BRDA:243,48,0,0
BRDA:243,48,1,0
BRDA:253,49,0,4
BRDA:253,49,1,0
BRDA:253,50,0,4
BRDA:253,50,1,4
BRDA:257,51,0,0
BRDA:257,51,1,4
BRDA:264,52,0,4
BRDA:264,52,1,4
BRDA:269,53,0,5
BRDA:269,53,1,3
BRDA:269,54,0,8
BRDA:269,54,1,5
BRDA:275,55,0,0
BRDA:275,55,1,5
BRDA:287,56,0,0
BRDA:287,56,1,4
BRDA:289,57,0,0
BRDA:289,57,1,0
BRDA:295,58,0,3
BRDA:295,58,1,1
BRDA:297,59,0,0
BRDA:297,59,1,3
BRDA:322,60,0,0
BRDA:323,61,0,41
BRDA:323,61,1,17
BRDA:324,62,0,41
BRDA:324,62,1,11
BRDA:325,63,0,41
BRDA:325,63,1,12
BRDA:326,64,0,41
BRDA:326,64,1,41
BRDA:327,65,0,41
BRDA:327,65,1,30
BRDA:334,66,0,11
BRDA:334,66,1,30
BRDA:338,67,0,11
BRDA:338,67,1,22
BRDA:350,68,0,17
BRDA:350,68,1,24
BRDA:354,69,0,1
BRDA:354,69,1,40
BRDA:361,70,0,1
BRDA:361,70,1,40
BRDA:370,71,0,26
BRDA:370,71,1,30
BRDA:383,72,0,0
BRDA:386,73,0,2
BRDA:389,74,0,11
BRDA:389,74,1,21
BRDA:389,75,0,32
BRDA:389,75,1,14
BRDA:391,76,0,3
BRDA:391,76,1,8
BRDA:393,77,0,8
BRDA:393,77,1,0
BRDA:394,78,0,8
BRDA:394,78,1,8
BRDA:408,79,0,3
BRDA:408,79,1,18
BRDA:414,80,0,14
BRDA:414,80,1,4
BRDA:415,81,0,14
BRDA:415,81,1,0
BRDA:415,82,0,14
BRDA:415,82,1,14
BRDA:421,83,0,0
BRDA:421,83,1,0
BRDA:427,84,0,0
BRDA:427,84,1,0
BRDA:441,85,0,0
BRDA:441,85,1,4
BRDA:443,86,0,0
BRDA:443,86,1,0
BRDA:449,87,0,0
BRDA:449,87,1,4
BRDA:451,88,0,0
BRDA:451,88,1,0
BRDA:474,89,0,0
BRDA:474,89,1,18
BRDA:475,90,0,18
BRDA:475,90,1,0
BRDA:481,91,0,0
BRDA:481,91,1,18
BRDA:482,92,0,18
BRDA:482,92,1,0
BRDA:488,93,0,3
BRDA:488,93,1,15
BRDA:488,94,0,18
BRDA:488,94,1,3
BRDA:495,95,0,6
BRDA:497,96,0,3
BRDA:497,96,1,3
BRDA:515,97,0,3
BRDA:515,97,1,2
BRDA:515,98,0,5
BRDA:515,98,1,4
BRDA:515,98,2,2
BRDA:517,99,0,3
BRDA:517,99,1,0
BRDA:520,100,0,3
BRDA:520,100,1,1
BRDA:524,101,0,3
BRDA:524,101,1,2
BRDA:528,102,0,3
BRDA:528,102,1,2
BRDA:544,103,0,0
BRDA:544,103,1,3
BRDA:555,104,0,1
BRDA:555,104,1,2
BRDA:560,105,0,2
BRDA:560,105,1,1
BRDA:572,106,0,1
BRDA:572,106,1,0
BRDA:576,107,0,1
BRDA:576,107,1,0
BRDA:599,108,0,2
BRDA:599,108,1,0
BRDA:614,109,0,1
BRDA:615,110,0,64
BRDA:615,110,1,63
BRDA:616,111,0,64
BRDA:616,111,1,63
BRDA:617,112,0,64
BRDA:617,112,1,64
BRDA:625,113,0,0
BRDA:626,114,0,62
BRDA:626,114,1,0
BRDA:627,115,0,62
BRDA:627,115,1,0
BRDA:627,115,2,0
BRDA:628,116,0,62
BRDA:628,116,1,0
BRDA:629,117,0,62
BRDA:629,117,1,0
BRDA:630,118,0,62
BRDA:630,118,1,0
BRDA:632,119,0,62
BRDA:632,119,1,61
BRDA:633,120,0,62
BRDA:633,120,1,0
BRDA:635,121,0,62
BRDA:635,121,1,62
BRDA:639,122,0,62
BRDA:639,122,1,24
BRDA:640,123,0,62
BRDA:640,123,1,24
BRDA:641,124,0,62
BRDA:641,124,1,24
BRDA:642,125,0,62
BRDA:642,125,1,62
BRDA:643,126,0,62
BRDA:643,126,1,24
BRDA:646,127,0,34
BRDA:646,127,1,28
BRDA:646,128,0,62
BRDA:646,128,1,34
BRDA:649,129,0,28
BRDA:649,129,1,28
BRDA:658,130,0,1
BRDA:658,130,1,26
BRDA:672,131,0,0
BRDA:676,132,0,5
BRDA:678,133,0,8
BRDA:678,133,1,27
BRDA:679,134,0,27
BRDA:679,134,1,0
BRDA:696,135,0,0
BRDA:699,136,0,6
BRDA:726,137,0,0
BRDA:729,138,0,1
BRDA:739,139,0,6
BRDA:739,139,1,0
BRDA:746,140,0,0
BRDA:746,140,1,10
BRDA:746,141,0,10
BRDA:746,141,1,10
BRDA:762,142,0,0
BRDA:762,142,1,0
BRDA:778,143,0,0
BRDA:780,144,0,27
BRDA:780,144,1,26
BRDA:788,145,0,0
BRDA:790,146,0,28
BRDA:790,146,1,27
BRDA:798,147,0,0
BRDA:799,148,0,38
BRDA:799,148,1,0
BRDA:800,149,0,38
BRDA:800,149,1,0
BRDA:801,150,0,38
BRDA:801,150,1,0
BRDA:802,151,0,38
BRDA:802,151,1,38
BRDA:803,152,0,38
BRDA:803,152,1,0
BRDA:804,153,0,38
BRDA:804,153,1,0
BRDA:826,154,0,38
BRDA:826,154,1,0
BRDA:838,155,0,17
BRDA:838,155,1,21
BRDA:838,155,2,0
BRDA:885,156,0,0
BRDA:888,157,0,1
BRDA:888,157,1,3
BRDA:888,158,0,4
BRDA:888,158,1,1
BRDA:892,159,0,5
BRDA:892,159,1,4
BRDA:897,160,0,1
BRDA:897,160,1,3
BRDA:897,161,0,4
BRDA:897,161,1,1
BRDA:903,162,0,2
BRDA:903,162,1,2
BRDA:903,163,0,4
BRDA:903,163,1,2
BRDA:919,164,0,0
BRDA:922,165,0,1
BRDA:947,166,0,5
BRDA:947,166,1,3
BRDA:947,166,2,3
BRDA:947,166,3,2
BRDA:947,166,4,0
BRDA:947,166,5,2
BRF:316
BRH:229
end_of_record
TN:
SF:docs/calculator/services/VehicleChargingCurves.js
FN:9,(anonymous_0)
FN:14,(anonymous_1)
FN:32,(anonymous_2)
FN:38,(anonymous_3)
FN:61,(anonymous_4)
FN:86,(anonymous_5)
FN:155,(anonymous_6)
FN:165,(anonymous_7)
FN:182,(anonymous_8)
FN:185,(anonymous_9)
FN:192,(anonymous_10)
FN:206,(anonymous_11)
FN:232,(anonymous_12)
FN:256,(anonymous_13)
FN:257,(anonymous_14)
FN:271,(anonymous_15)
FNF:16
FNH:15
FNDA:29,(anonymous_0)
FNDA:29,(anonymous_1)
FNDA:486,(anonymous_2)
FNDA:0,(anonymous_3)
FNDA:226,(anonymous_4)
FNDA:10,(anonymous_5)
FNDA:490,(anonymous_6)
FNDA:252,(anonymous_7)
FNDA:128,(anonymous_8)
FNDA:298,(anonymous_9)
FNDA:298,(anonymous_10)
FNDA:4,(anonymous_11)
FNDA:2,(anonymous_12)
FNDA:1,(anonymous_13)
FNDA:3,(anonymous_14)
FNDA:1,(anonymous_15)
DA:10,29
DA:11,29
DA:15,29
DA:16,29
DA:18,0
DA:33,486
DA:36,486
DA:38,0
DA:39,486
DA:44,486
DA:45,0
DA:49,486
DA:51,486
DA:54,486
DA:55,424
DA:59,62
DA:61,226
DA:62,62
DA:63,62
DA:65,62
DA:66,2
DA:70,60
DA:71,60
DA:72,60
DA:74,60
DA:93,10
DA:103,10
DA:104,10
DA:105,10
DA:106,10
DA:107,10
DA:110,10
DA:111,10
DA:113,10
DA:114,10
DA:118,480
DA:123,480
DA:126,480
DA:129,480
DA:131,480
DA:132,480
DA:134,480
DA:135,480
DA:136,480
DA:139,10
DA:156,490
DA:159,489
DA:160,245
DA:164,244
DA:165,252
DA:167,244
DA:168,244
DA:172,0
DA:183,128
DA:184,64
DA:185,298
DA:187,64
DA:191,64
DA:192,298
DA:194,64
DA:208,4
DA:210,4
DA:212,1
DA:213,3
DA:215,2
DA:218,1
DA:221,4
DA:238,2
DA:239,2
DA:240,2
DA:242,2
DA:257,3
DA:272,1
LF:73
LH:69
BRDA:33,0,0,486
BRDA:33,0,1,61
BRDA:44,1,0,0
BRDA:44,1,1,486
BRDA:49,2,0,486
BRDA:49,2,1,0
BRDA:54,3,0,424
BRDA:54,3,1,62
BRDA:65,4,0,2
BRDA:65,4,1,60
BRDA:93,5,0,10
BRDA:93,5,1,1
BRDA:115,6,0,490
BRDA:115,6,1,480
BRDA:145,7,0,8
BRDA:145,7,1,2
BRDA:156,8,0,1
BRDA:156,8,1,489
BRDA:159,9,0,245
BRDA:159,9,1,244
BRDA:167,10,0,244
BRDA:167,10,1,0
BRDA:183,11,0,64
BRDA:183,11,1,64
BRDA:187,12,0,62
BRDA:187,12,1,2
BRDA:194,13,0,62
BRDA:194,13,1,2
BRDA:210,14,0,1
BRDA:210,14,1,3
BRDA:213,15,0,2
BRDA:213,15,1,1
BRF:32
BRH:29
end_of_record
TN:
SF:docs/calculator/utils/DateTimeHelper.js
FN:11,(anonymous_0)
FN:34,(anonymous_1)
FN:44,(anonymous_2)
FN:57,(anonymous_3)
FN:72,(anonymous_4)
FN:86,(anonymous_5)
FN:98,(anonymous_6)
FNF:7
FNH:7
FNDA:13,(anonymous_0)
FNDA:232,(anonymous_1)
FNDA:15,(anonymous_2)
FNDA:7,(anonymous_3)
FNDA:2,(anonymous_4)
FNDA:7,(anonymous_5)
FNDA:11,(anonymous_6)
DA:13,13
DA:14,3
DA:18,10
DA:19,10
DA:22,10
DA:23,6
DA:26,4
DA:35,232
DA:36,232
DA:45,15
DA:46,15
DA:49,15
DA:58,7
DA:59,3
DA:61,4
DA:73,2
DA:74,2
DA:87,7
DA:88,7
DA:99,11
DA:100,11
DA:101,11
DA:103,11
DA:105,5
DA:108,6
LF:25
LH:25
BRDA:13,0,0,3
BRDA:13,0,1,10
BRDA:13,1,0,13
BRDA:13,1,1,11
BRDA:22,2,0,6
BRDA:22,2,1,4
BRDA:58,3,0,3
BRDA:58,3,1,4
BRDA:72,4,0,2
BRDA:103,5,0,5
BRDA:103,5,1,6
BRDA:105,6,0,5
BRDA:105,6,1,4
BRDA:108,7,0,6
BRDA:108,7,1,4
BRF:15
BRH:15
end_of_record
TN:
SF:docs/calculator/utils/JsonLoader.js
FN:24,(anonymous_0)
FN:28,(anonymous_1)
FN:29,(anonymous_2)
FN:40,(anonymous_3)
FN:52,(anonymous_4)
FN:53,(anonymous_5)
FNF:6
FNH:1
FNDA:0,(anonymous_0)
FNDA:0,(anonymous_1)
FNDA:0,(anonymous_2)
FNDA:86,(anonymous_3)
FNDA:0,(anonymous_4)
FNDA:0,(anonymous_5)
DA:25,0
DA:28,0
DA:30,0
DA:31,0
DA:41,86
DA:42,86
DA:43,86
DA:45,0
DA:46,0
DA:52,0
DA:54,0
DA:55,0
LF:12
LH:3
BRDA:25,0,0,0
BRDA:25,0,1,0
BRDA:41,1,0,86
BRDA:41,1,1,0
BRF:4
BRH:1
end_of_record
