TN:
SF:pages/calculator/calculator.js
FN:10,(anonymous_0)
FN:34,(anonymous_1)
FN:92,(anonymous_2)
FN:132,(anonymous_3)
FN:148,(anonymous_4)
FN:151,(anonymous_5)
FN:155,(anonymous_6)
FN:158,(anonymous_7)
FN:162,(anonymous_8)
FN:166,(anonymous_9)
FN:167,(anonymous_10)
FN:172,(anonymous_11)
FN:177,(anonymous_12)
FN:188,(anonymous_13)
FN:191,(anonymous_14)
FN:194,(anonymous_15)
FN:195,(anonymous_16)
FN:214,(anonymous_17)
FN:217,(anonymous_18)
FN:222,(anonymous_19)
FN:225,(anonymous_20)
FN:228,(anonymous_21)
FN:229,(anonymous_22)
FN:236,(anonymous_23)
FN:237,(anonymous_24)
FN:246,(anonymous_25)
FN:248,(anonymous_26)
FN:253,(anonymous_27)
FN:258,(anonymous_28)
FN:265,(anonymous_29)
FN:270,(anonymous_30)
FN:277,(anonymous_31)
FN:301,(anonymous_32)
FN:309,(anonymous_33)
FN:314,(anonymous_34)
FN:318,(anonymous_35)
FN:322,(anonymous_36)
FN:333,(anonymous_37)
FN:342,(anonymous_38)
FN:352,(anonymous_39)
FN:402,(anonymous_40)
FN:434,(anonymous_41)
FN:449,(anonymous_42)
FN:463,(anonymous_43)
FN:487,(anonymous_44)
FN:490,(anonymous_45)
FN:492,(anonymous_46)
FN:495,(anonymous_47)
FN:502,(anonymous_48)
FN:504,(anonymous_49)
FN:509,(anonymous_50)
FN:521,(anonymous_51)
FN:529,(anonymous_52)
FN:541,(anonymous_53)
FN:549,(anonymous_54)
FN:561,(anonymous_55)
FN:604,(anonymous_56)
FN:610,(anonymous_57)
FN:648,(anonymous_58)
FN:654,(anonymous_59)
FN:669,(anonymous_60)
FN:670,(anonymous_61)
FN:684,(anonymous_62)
FN:687,(anonymous_63)
FN:694,(anonymous_64)
FN:697,(anonymous_65)
FN:704,(anonymous_66)
FN:712,(anonymous_67)
FN:728,(anonymous_68)
FN:729,(anonymous_69)
FN:740,(anonymous_70)
FN:743,(anonymous_71)
FN:746,(anonymous_72)
FN:753,(anonymous_73)
FN:756,(anonymous_74)
FN:763,(anonymous_75)
FN:765,(anonymous_76)
FN:771,(anonymous_77)
FN:777,(anonymous_78)
FN:850,(anonymous_79)
FN:923,(anonymous_80)
FN:947,(anonymous_81)
FN:964,(anonymous_82)
FN:981,(anonymous_83)
FN:987,(anonymous_84)
FN:1099,(anonymous_85)
FN:1107,(anonymous_86)
FN:1184,(anonymous_87)
FN:1186,(anonymous_88)
FN:1192,(anonymous_89)
FN:1198,(anonymous_90)
FN:1218,(anonymous_91)
FN:1308,(anonymous_92)
FN:1315,(anonymous_93)
FN:1390,(anonymous_94)
FN:1418,(anonymous_95)
FN:1430,(anonymous_96)
FN:1505,(anonymous_97)
FN:1514,(anonymous_98)
FN:1516,(anonymous_99)
FN:1517,(anonymous_100)
FN:1531,(anonymous_101)
FN:1532,(anonymous_102)
FN:1540,(anonymous_103)
FNF:104
FNH:0
FNDA:0,(anonymous_0)
FNDA:0,(anonymous_1)
FNDA:0,(anonymous_2)
FNDA:0,(anonymous_3)
FNDA:0,(anonymous_4)
FNDA:0,(anonymous_5)
FNDA:0,(anonymous_6)
FNDA:0,(anonymous_7)
FNDA:0,(anonymous_8)
FNDA:0,(anonymous_9)
FNDA:0,(anonymous_10)
FNDA:0,(anonymous_11)
FNDA:0,(anonymous_12)
FNDA:0,(anonymous_13)
FNDA:0,(anonymous_14)
FNDA:0,(anonymous_15)
FNDA:0,(anonymous_16)
FNDA:0,(anonymous_17)
FNDA:0,(anonymous_18)
FNDA:0,(anonymous_19)
FNDA:0,(anonymous_20)
FNDA:0,(anonymous_21)
FNDA:0,(anonymous_22)
FNDA:0,(anonymous_23)
FNDA:0,(anonymous_24)
FNDA:0,(anonymous_25)
FNDA:0,(anonymous_26)
FNDA:0,(anonymous_27)
FNDA:0,(anonymous_28)
FNDA:0,(anonymous_29)
FNDA:0,(anonymous_30)
FNDA:0,(anonymous_31)
FNDA:0,(anonymous_32)
FNDA:0,(anonymous_33)
FNDA:0,(anonymous_34)
FNDA:0,(anonymous_35)
FNDA:0,(anonymous_36)
FNDA:0,(anonymous_37)
FNDA:0,(anonymous_38)
FNDA:0,(anonymous_39)
FNDA:0,(anonymous_40)
FNDA:0,(anonymous_41)
FNDA:0,(anonymous_42)
FNDA:0,(anonymous_43)
FNDA:0,(anonymous_44)
FNDA:0,(anonymous_45)
FNDA:0,(anonymous_46)
FNDA:0,(anonymous_47)
FNDA:0,(anonymous_48)
FNDA:0,(anonymous_49)
FNDA:0,(anonymous_50)
FNDA:0,(anonymous_51)
FNDA:0,(anonymous_52)
FNDA:0,(anonymous_53)
FNDA:0,(anonymous_54)
FNDA:0,(anonymous_55)
FNDA:0,(anonymous_56)
FNDA:0,(anonymous_57)
FNDA:0,(anonymous_58)
FNDA:0,(anonymous_59)
FNDA:0,(anonymous_60)
FNDA:0,(anonymous_61)
FNDA:0,(anonymous_62)
FNDA:0,(anonymous_63)
FNDA:0,(anonymous_64)
FNDA:0,(anonymous_65)
FNDA:0,(anonymous_66)
FNDA:0,(anonymous_67)
FNDA:0,(anonymous_68)
FNDA:0,(anonymous_69)
FNDA:0,(anonymous_70)
FNDA:0,(anonymous_71)
FNDA:0,(anonymous_72)
FNDA:0,(anonymous_73)
FNDA:0,(anonymous_74)
FNDA:0,(anonymous_75)
FNDA:0,(anonymous_76)
FNDA:0,(anonymous_77)
FNDA:0,(anonymous_78)
FNDA:0,(anonymous_79)
FNDA:0,(anonymous_80)
FNDA:0,(anonymous_81)
FNDA:0,(anonymous_82)
FNDA:0,(anonymous_83)
FNDA:0,(anonymous_84)
FNDA:0,(anonymous_85)
FNDA:0,(anonymous_86)
FNDA:0,(anonymous_87)
FNDA:0,(anonymous_88)
FNDA:0,(anonymous_89)
FNDA:0,(anonymous_90)
FNDA:0,(anonymous_91)
FNDA:0,(anonymous_92)
FNDA:0,(anonymous_93)
FNDA:0,(anonymous_94)
FNDA:0,(anonymous_95)
FNDA:0,(anonymous_96)
FNDA:0,(anonymous_97)
FNDA:0,(anonymous_98)
FNDA:0,(anonymous_99)
FNDA:0,(anonymous_100)
FNDA:0,(anonymous_101)
FNDA:0,(anonymous_102)
FNDA:0,(anonymous_103)
DA:11,0
DA:12,0
DA:13,0
DA:14,0
DA:15,0
DA:16,0
DA:18,0
DA:21,0
DA:22,0
DA:23,0
DA:24,0
DA:25,0
DA:26,0
DA:29,0
DA:31,0
DA:35,0
DA:36,0
DA:39,0
DA:41,0
DA:44,0
DA:49,0
DA:50,0
DA:51,0
DA:52,0
DA:53,0
DA:54,0
DA:56,0
DA:57,0
DA:73,0
DA:76,0
DA:79,0
DA:93,0
DA:103,0
DA:113,0
DA:114,0
DA:115,0
DA:116,0
DA:117,0
DA:124,0
DA:125,0
DA:127,0
DA:133,0
DA:134,0
DA:137,0
DA:138,0
DA:140,0
DA:142,0
DA:143,0
DA:144,0
DA:149,0
DA:150,0
DA:151,0
DA:156,0
DA:157,0
DA:158,0
DA:164,0
DA:166,0
DA:167,0
DA:168,0
DA:170,0
DA:172,0
DA:173,0
DA:175,0
DA:177,0
DA:178,0
DA:179,0
DA:186,0
DA:188,0
DA:189,0
DA:191,0
DA:194,0
DA:195,0
DA:196,0
DA:197,0
DA:203,0
DA:212,0
DA:214,0
DA:215,0
DA:217,0
DA:220,0
DA:222,0
DA:223,0
DA:225,0
DA:228,0
DA:229,0
DA:230,0
DA:231,0
DA:236,0
DA:237,0
DA:238,0
DA:243,0
DA:248,0
DA:249,0
DA:253,0
DA:254,0
DA:258,0
DA:259,0
DA:263,0
DA:266,0
DA:270,0
DA:271,0
DA:275,0
DA:278,0
DA:279,0
DA:281,0
DA:299,0
DA:302,0
DA:303,0
DA:307,0
DA:310,0
DA:315,0
DA:319,0
DA:323,0
DA:326,0
DA:327,0
DA:329,0
DA:334,0
DA:335,0
DA:337,0
DA:338,0
DA:339,0
DA:343,0
DA:344,0
DA:346,0
DA:347,0
DA:349,0
DA:353,0
DA:354,0
DA:357,0
DA:358,0
DA:359,0
DA:366,0
DA:367,0
DA:369,0
DA:370,0
DA:372,0
DA:373,0
DA:374,0
DA:380,0
DA:381,0
DA:385,0
DA:386,0
DA:399,0
DA:403,0
DA:404,0
DA:405,0
DA:409,0
DA:412,0
DA:415,0
DA:418,0
DA:419,0
DA:431,0
DA:435,0
DA:445,0
DA:446,0
DA:451,0
DA:452,0
DA:454,0
DA:455,0
DA:458,0
DA:460,0
DA:464,0
DA:467,0
DA:468,0
DA:471,0
DA:472,0
DA:475,0
DA:476,0
DA:479,0
DA:480,0
DA:483,0
DA:489,0
DA:490,0
DA:491,0
DA:492,0
DA:495,0
DA:497,0
DA:501,0
DA:502,0
DA:504,0
DA:507,0
DA:510,0
DA:511,0
DA:512,0
DA:514,0
DA:518,0
DA:522,0
DA:527,0
DA:530,0
DA:531,0
DA:532,0
DA:534,0
DA:538,0
DA:542,0
DA:547,0
DA:550,0
DA:551,0
DA:552,0
DA:554,0
DA:558,0
DA:563,0
DA:564,0
DA:565,0
DA:566,0
DA:567,0
DA:578,0
DA:582,0
DA:583,0
DA:585,0
DA:586,0
DA:587,0
DA:589,0
DA:590,0
DA:591,0
DA:594,0
DA:595,0
DA:596,0
DA:600,0
DA:601,0
DA:604,0
DA:605,0
DA:606,0
DA:611,0
DA:612,0
DA:613,0
DA:614,0
DA:616,0
DA:619,0
DA:620,0
DA:622,0
DA:625,0
DA:626,0
DA:629,0
DA:630,0
DA:631,0
DA:634,0
DA:635,0
DA:636,0
DA:641,0
DA:643,0
DA:649,0
DA:650,0
DA:652,0
DA:654,0
DA:669,0
DA:670,0
DA:671,0
DA:672,0
DA:674,0
DA:676,0
DA:681,0
DA:685,0
DA:688,0
DA:689,0
DA:691,0
DA:695,0
DA:698,0
DA:700,0
DA:701,0
DA:705,0
DA:708,0
DA:710,0
DA:712,0
DA:728,0
DA:729,0
DA:730,0
DA:731,0
DA:733,0
DA:735,0
DA:740,0
DA:744,0
DA:747,0
DA:748,0
DA:750,0
DA:754,0
DA:757,0
DA:759,0
DA:760,0
DA:765,0
DA:766,0
DA:768,0
DA:771,0
DA:772,0
DA:774,0
DA:779,0
DA:781,0
DA:783,0
DA:785,0
DA:786,0
DA:787,0
DA:790,0
DA:796,0
DA:804,0
DA:805,0
DA:808,0
DA:809,0
DA:810,0
DA:815,0
DA:819,0
DA:821,0
DA:825,0
DA:826,0
DA:828,0
DA:832,0
DA:835,0
DA:836,0
DA:837,0
DA:842,0
DA:852,0
DA:853,0
DA:854,0
DA:855,0
DA:856,0
DA:859,0
DA:860,0
DA:863,0
DA:864,0
DA:867,0
DA:868,0
DA:869,0
DA:871,0
DA:872,0
DA:873,0
DA:875,0
DA:924,0
DA:925,0
DA:927,0
DA:929,0
DA:930,0
DA:931,0
DA:932,0
DA:933,0
DA:934,0
DA:938,0
DA:942,0
DA:943,0
DA:954,0
DA:964,0
DA:965,0
DA:969,0
DA:972,0
DA:973,0
DA:976,0
DA:977,0
DA:978,0
DA:979,0
DA:981,0
DA:982,0
DA:983,0
DA:988,0
DA:990,0
DA:992,0
DA:994,0
DA:996,0
DA:997,0
DA:998,0
DA:1001,0
DA:1006,0
DA:1013,0
DA:1017,0
DA:1020,0
DA:1027,0
DA:1028,0
DA:1029,0
DA:1030,0
DA:1036,0
DA:1040,0
DA:1046,0
DA:1047,0
DA:1049,0
DA:1057,0
DA:1060,0
DA:1061,0
DA:1098,0
DA:1099,0
DA:1102,0
DA:1104,0
DA:1108,0
DA:1166,0
DA:1169,0
DA:1172,0
DA:1175,0
DA:1186,0
DA:1188,0
DA:1189,0
DA:1192,0
DA:1193,0
DA:1201,0
DA:1203,0
DA:1205,0
DA:1206,0
DA:1208,0
DA:1209,0
DA:1220,0
DA:1223,0
DA:1226,0
DA:1230,0
DA:1232,0
DA:1234,0
DA:1236,0
DA:1237,0
DA:1238,0
DA:1240,0
DA:1241,0
DA:1242,0
DA:1244,0
DA:1250,0
DA:1258,0
DA:1259,0
DA:1263,0
DA:1266,0
DA:1267,0
DA:1269,0
DA:1270,0
DA:1271,0
DA:1276,0
DA:1279,0
DA:1280,0
DA:1286,0
DA:1289,0
DA:1290,0
DA:1294,0
DA:1295,0
DA:1296,0
DA:1300,0
DA:1303,0
DA:1304,0
DA:1309,0
DA:1310,0
DA:1311,0
DA:1318,0
DA:1320,0
DA:1322,0
DA:1325,0
DA:1329,0
DA:1330,0
DA:1332,0
DA:1333,0
DA:1335,0
DA:1391,0
DA:1420,0
DA:1421,0
DA:1425,0
DA:1432,0
DA:1436,0
DA:1440,0
DA:1441,0
DA:1444,0
DA:1450,0
DA:1452,0
DA:1453,0
DA:1456,0
DA:1460,0
DA:1465,0
DA:1468,0
DA:1474,0
DA:1481,0
DA:1485,0
DA:1489,0
DA:1493,0
DA:1496,0
DA:1500,0
DA:1505,0
DA:1506,0
DA:1507,0
DA:1509,0
DA:1514,0
DA:1516,0
DA:1517,0
DA:1518,0
DA:1519,0
DA:1520,0
DA:1521,0
DA:1530,0
DA:1531,0
DA:1532,0
DA:1533,0
DA:1534,0
DA:1535,0
DA:1536,0
DA:1537,0
DA:1538,0
DA:1540,0
DA:1541,0
DA:1542,0
LF:485
LH:0
BRDA:81,0,0,0
BRDA:81,0,1,0
BRDA:83,1,0,0
BRDA:83,1,1,0
BRDA:85,2,0,0
BRDA:85,2,1,0
BRDA:87,3,0,0
BRDA:87,3,1,0
BRDA:326,4,0,0
BRDA:326,4,1,0
BRDA:353,5,0,0
BRDA:353,5,1,0
BRDA:358,6,0,0
BRDA:358,6,1,0
BRDA:380,7,0,0
BRDA:380,7,1,0
BRDA:388,8,0,0
BRDA:388,8,1,0
BRDA:390,9,0,0
BRDA:390,9,1,0
BRDA:392,10,0,0
BRDA:392,10,1,0
BRDA:394,11,0,0
BRDA:394,11,1,0
BRDA:421,12,0,0
BRDA:421,12,1,0
BRDA:423,13,0,0
BRDA:423,13,1,0
BRDA:425,14,0,0
BRDA:425,14,1,0
BRDA:427,15,0,0
BRDA:427,15,1,0
BRDA:464,16,0,0
BRDA:464,16,1,0
BRDA:464,16,2,0
BRDA:464,16,3,0
BRDA:464,16,4,0
BRDA:511,17,0,0
BRDA:511,17,1,0
BRDA:522,18,0,0
BRDA:522,18,1,0
BRDA:531,19,0,0
BRDA:531,19,1,0
BRDA:542,20,0,0
BRDA:542,20,1,0
BRDA:551,21,0,0
BRDA:551,21,1,0
BRDA:561,22,0,0
BRDA:564,23,0,0
BRDA:564,23,1,0
BRDA:583,24,0,0
BRDA:583,24,1,0
BRDA:583,24,2,0
BRDA:583,24,3,0
BRDA:612,25,0,0
BRDA:612,25,1,0
BRDA:625,26,0,0
BRDA:625,26,1,0
BRDA:629,27,0,0
BRDA:629,27,1,0
BRDA:634,28,0,0
BRDA:634,28,1,0
BRDA:671,29,0,0
BRDA:671,29,1,0
BRDA:708,30,0,0
BRDA:708,30,1,0
BRDA:730,31,0,0
BRDA:730,31,1,0
BRDA:779,32,0,0
BRDA:779,32,1,0
BRDA:781,33,0,0
BRDA:781,33,1,0
BRDA:783,34,0,0
BRDA:783,34,1,0
BRDA:785,35,0,0
BRDA:785,35,1,0
BRDA:790,36,0,0
BRDA:790,36,1,0
BRDA:791,37,0,0
BRDA:791,37,1,0
BRDA:791,37,2,0
BRDA:809,38,0,0
BRDA:809,38,1,0
BRDA:853,39,0,0
BRDA:853,39,1,0
BRDA:864,40,0,0
BRDA:864,40,1,0
BRDA:868,41,0,0
BRDA:868,41,1,0
BRDA:869,42,0,0
BRDA:869,42,1,0
BRDA:925,43,0,0
BRDA:925,43,1,0
BRDA:927,44,0,0
BRDA:927,44,1,0
BRDA:929,45,0,0
BRDA:929,45,1,0
BRDA:932,46,0,0
BRDA:932,46,1,0
BRDA:947,47,0,0
BRDA:954,48,0,0
BRDA:954,48,1,0
BRDA:990,49,0,0
BRDA:990,49,1,0
BRDA:992,50,0,0
BRDA:992,50,1,0
BRDA:994,51,0,0
BRDA:994,51,1,0
BRDA:996,52,0,0
BRDA:996,52,1,0
BRDA:1001,53,0,0
BRDA:1001,53,1,0
BRDA:1002,54,0,0
BRDA:1002,54,1,0
BRDA:1002,54,2,0
BRDA:1029,55,0,0
BRDA:1029,55,1,0
BRDA:1050,56,0,0
BRDA:1050,56,1,0
BRDA:1114,57,0,0
BRDA:1114,57,1,0
BRDA:1114,58,0,0
BRDA:1114,58,1,0
BRDA:1137,59,0,0
BRDA:1137,59,1,0
BRDA:1139,60,0,0
BRDA:1139,60,1,0
BRDA:1201,61,0,0
BRDA:1201,61,1,0
BRDA:1203,62,0,0
BRDA:1203,62,1,0
BRDA:1205,63,0,0
BRDA:1205,63,1,0
BRDA:1206,64,0,0
BRDA:1206,64,1,0
BRDA:1206,65,0,0
BRDA:1206,65,1,0
BRDA:1220,66,0,0
BRDA:1220,66,1,0
BRDA:1230,67,0,0
BRDA:1230,67,1,0
BRDA:1232,68,0,0
BRDA:1232,68,1,0
BRDA:1234,69,0,0
BRDA:1234,69,1,0
BRDA:1236,70,0,0
BRDA:1236,70,1,0
BRDA:1244,71,0,0
BRDA:1244,71,1,0
BRDA:1245,72,0,0
BRDA:1245,72,1,0
BRDA:1245,72,2,0
BRDA:1272,73,0,0
BRDA:1272,73,1,0
BRDA:1279,74,0,0
BRDA:1279,74,1,0
BRDA:1289,75,0,0
BRDA:1289,75,1,0
BRDA:1295,76,0,0
BRDA:1295,76,1,0
BRDA:1303,77,0,0
BRDA:1303,77,1,0
BRDA:1310,78,0,0
BRDA:1310,78,1,0
BRDA:1318,79,0,0
BRDA:1318,79,1,0
BRDA:1320,80,0,0
BRDA:1320,80,1,0
BRDA:1322,81,0,0
BRDA:1322,81,1,0
BRDA:1325,82,0,0
BRDA:1325,82,1,0
BRDA:1325,83,0,0
BRDA:1325,83,1,0
BRDA:1364,84,0,0
BRDA:1364,84,1,0
BRDA:1420,85,0,0
BRDA:1420,85,1,0
BRDA:1432,86,0,0
BRDA:1432,86,1,0
BRDA:1433,87,0,0
BRDA:1433,87,1,0
BRDA:1433,87,2,0
BRDA:1440,88,0,0
BRDA:1440,88,1,0
BRDA:1440,89,0,0
BRDA:1440,89,1,0
BRDA:1444,90,0,0
BRDA:1444,90,1,0
BRDA:1445,91,0,0
BRDA:1445,91,1,0
BRDA:1445,91,2,0
BRDA:1450,92,0,0
BRDA:1450,92,1,0
BRDA:1452,93,0,0
BRDA:1452,93,1,0
BRDA:1452,94,0,0
BRDA:1452,94,1,0
BRDA:1460,95,0,0
BRDA:1460,95,1,0
BRDA:1461,96,0,0
BRDA:1461,96,1,0
BRDA:1461,96,2,0
BRDA:1468,97,0,0
BRDA:1468,97,1,0
BRDA:1469,98,0,0
BRDA:1469,98,1,0
BRDA:1469,98,2,0
BRDA:1481,99,0,0
BRDA:1481,99,1,0
BRDA:1482,100,0,0
BRDA:1482,100,1,0
BRDA:1489,101,0,0
BRDA:1489,101,1,0
BRDA:1490,102,0,0
BRDA:1490,102,1,0
BRDA:1520,103,0,0
BRDA:1520,103,1,0
BRDA:1535,104,0,0
BRDA:1535,104,1,0
BRF:220
BRH:0
end_of_record
TN:
SF:pages/calculator/services/ChartManager.js
FN:5,(anonymous_0)
FN:16,(anonymous_1)
FN:172,(anonymous_2)
FN:175,(anonymous_3)
FN:220,(anonymous_4)
FN:251,(anonymous_5)
FN:296,(anonymous_6)
FN:350,(anonymous_7)
FN:371,(anonymous_8)
FN:375,(anonymous_9)
FN:392,(anonymous_10)
FN:451,(anonymous_11)
FN:453,(anonymous_12)
FN:454,(anonymous_13)
FN:462,(anonymous_14)
FN:463,(anonymous_15)
FN:472,(anonymous_16)
FN:477,(anonymous_17)
FN:486,(anonymous_18)
FN:517,(anonymous_19)
FN:520,(anonymous_20)
FN:536,(anonymous_21)
FN:539,(anonymous_22)
FNF:23
FNH:13
FNDA:19,(anonymous_0)
FNDA:11,(anonymous_1)
FNDA:0,(anonymous_2)
FNDA:0,(anonymous_3)
FNDA:0,(anonymous_4)
FNDA:5,(anonymous_5)
FNDA:18,(anonymous_6)
FNDA:306,(anonymous_7)
FNDA:51,(anonymous_8)
FNDA:18,(anonymous_9)
FNDA:6,(anonymous_10)
FNDA:0,(anonymous_11)
FNDA:0,(anonymous_12)
FNDA:0,(anonymous_13)
FNDA:0,(anonymous_14)
FNDA:0,(anonymous_15)
FNDA:0,(anonymous_16)
FNDA:0,(anonymous_17)
FNDA:1,(anonymous_18)
FNDA:1,(anonymous_19)
FNDA:8,(anonymous_20)
FNDA:11,(anonymous_21)
FNDA:88,(anonymous_22)
DA:6,19
DA:7,19
DA:8,19
DA:17,11
DA:18,11
DA:20,10
DA:173,0
DA:176,0
DA:221,0
DA:239,10
DA:252,5
DA:260,5
DA:263,5
DA:268,2
DA:269,2
DA:270,2
DA:271,2
DA:272,2
DA:276,3
DA:284,3
DA:287,3
DA:288,3
DA:289,3
DA:293,3
DA:296,18
DA:299,3
DA:300,3
DA:302,3
DA:303,51
DA:306,51
DA:310,51
DA:313,51
DA:314,51
DA:316,51
DA:320,7
DA:323,44
DA:324,63
DA:325,63
DA:327,63
DA:331,44
DA:332,44
DA:333,44
DA:334,44
DA:337,44
DA:343,0
DA:344,0
DA:347,51
DA:350,51
DA:351,306
DA:359,306
DA:364,306
DA:366,306
DA:371,51
DA:372,3
DA:373,3
DA:375,3
DA:376,18
DA:379,3
DA:404,6
DA:405,6
DA:410,6
DA:412,1
DA:413,5
DA:415,3
DA:416,3
DA:419,2
DA:420,2
DA:424,6
DA:425,6
DA:427,1
DA:428,5
DA:430,0
DA:431,5
DA:433,5
DA:437,6
DA:439,6
DA:443,6
DA:445,6
DA:453,0
DA:454,0
DA:455,0
DA:456,0
DA:457,0
DA:462,0
DA:463,0
DA:464,0
DA:465,0
DA:466,0
DA:472,0
DA:473,0
DA:477,0
DA:478,0
DA:487,1
DA:489,1
DA:490,1
DA:494,1
DA:496,1
DA:499,1
DA:500,1
DA:501,1
DA:502,1
DA:504,0
DA:505,0
DA:506,0
DA:510,1
DA:518,1
DA:520,1
DA:521,8
DA:522,8
DA:523,8
DA:524,8
DA:525,8
DA:526,8
DA:530,1
DA:537,11
DA:539,11
DA:541,88
DA:545,22
DA:546,22
DA:547,22
DA:548,6
DA:549,6
DA:550,6
DA:553,66
DA:554,66
DA:555,66
DA:556,18
DA:558,18
DA:559,18
DA:564,11
LF:130
LH:107
BRDA:5,0,0,1
BRDA:9,1,0,18
BRDA:9,1,1,1
BRDA:16,2,0,11
BRDA:18,3,0,1
BRDA:18,3,1,10
BRDA:251,4,0,0
BRDA:252,5,0,0
BRDA:252,5,1,5
BRDA:255,6,0,0
BRDA:256,7,0,0
BRDA:257,8,0,0
BRDA:258,9,0,0
BRDA:259,10,0,3
BRDA:263,11,0,2
BRDA:263,11,1,3
BRDA:264,12,0,5
BRDA:264,12,1,4
BRDA:264,12,2,3
BRDA:293,13,0,3
BRDA:293,13,1,0
BRDA:299,14,0,1
BRDA:299,14,1,2
BRDA:314,15,0,51
BRDA:314,15,1,0
BRDA:314,16,0,51
BRDA:314,16,1,51
BRDA:316,17,0,7
BRDA:316,17,1,44
BRDA:327,18,0,44
BRDA:327,18,1,19
BRDA:327,19,0,63
BRDA:327,19,1,63
BRDA:410,20,0,1
BRDA:410,20,1,5
BRDA:413,21,0,3
BRDA:413,21,1,2
BRDA:425,22,0,1
BRDA:425,22,1,5
BRDA:428,23,0,0
BRDA:428,23,1,5
BRDA:431,24,0,5
BRDA:431,24,1,0
BRDA:464,25,0,0
BRDA:464,25,1,0
BRDA:487,26,0,0
BRDA:487,26,1,1
BRDA:494,27,0,1
BRDA:494,27,1,0
BRDA:494,28,0,1
BRDA:494,28,1,1
BRDA:499,29,0,1
BRDA:499,29,1,0
BRDA:518,30,0,0
BRDA:518,30,1,1
BRDA:523,31,0,8
BRDA:523,31,1,0
BRDA:537,32,0,0
BRDA:537,32,1,11
BRDA:541,33,0,22
BRDA:541,33,1,66
BRDA:542,34,0,88
BRDA:542,34,1,77
BRDA:547,35,0,6
BRDA:547,35,1,16
BRDA:555,36,0,18
BRDA:555,36,1,48
BRF:67
BRH:49
end_of_record
TN:
SF:pages/calculator/services/DateTimeHelper.js
FN:11,(anonymous_0)
FN:34,(anonymous_1)
FN:44,(anonymous_2)
FN:57,(anonymous_3)
FN:72,(anonymous_4)
FN:86,(anonymous_5)
FN:98,(anonymous_6)
FNF:7
FNH:7
FNDA:13,(anonymous_0)
FNDA:66,(anonymous_1)
FNDA:15,(anonymous_2)
FNDA:7,(anonymous_3)
FNDA:2,(anonymous_4)
FNDA:7,(anonymous_5)
FNDA:11,(anonymous_6)
DA:13,13
DA:14,3
DA:18,10
DA:19,10
DA:22,10
DA:23,6
DA:26,4
DA:35,66
DA:36,66
DA:45,15
DA:46,15
DA:49,15
DA:58,7
DA:59,3
DA:61,4
DA:73,2
DA:74,2
DA:87,7
DA:88,7
DA:99,11
DA:100,11
DA:101,11
DA:103,11
DA:105,5
DA:108,6
LF:25
LH:25
BRDA:13,0,0,3
BRDA:13,0,1,10
BRDA:13,1,0,13
BRDA:13,1,1,11
BRDA:22,2,0,6
BRDA:22,2,1,4
BRDA:58,3,0,3
BRDA:58,3,1,4
BRDA:72,4,0,2
BRDA:103,5,0,5
BRDA:103,5,1,6
BRDA:105,6,0,5
BRDA:105,6,1,4
BRDA:108,7,0,6
BRDA:108,7,1,4
BRF:15
BRH:15
end_of_record
TN:
SF:pages/calculator/services/GoogleMapsManager.js
FN:4,(anonymous_0)
FN:17,(anonymous_1)
FN:31,(anonymous_2)
FN:36,(anonymous_3)
FN:93,(anonymous_4)
FN:95,(anonymous_5)
FN:105,(anonymous_6)
FN:108,(anonymous_7)
FN:113,(anonymous_8)
FN:118,(anonymous_9)
FN:119,(anonymous_10)
FN:126,(anonymous_11)
FN:148,(anonymous_12)
FN:151,(anonymous_13)
FN:167,(anonymous_14)
FN:198,(anonymous_15)
FN:210,(anonymous_16)
FN:226,(anonymous_17)
FN:233,(anonymous_18)
FN:240,(anonymous_19)
FN:248,(anonymous_20)
FN:252,(anonymous_21)
FN:255,(anonymous_22)
FN:282,(anonymous_23)
FN:295,(anonymous_24)
FN:366,(anonymous_25)
FN:367,(anonymous_26)
FN:413,(anonymous_27)
FN:417,(anonymous_28)
FN:421,(anonymous_29)
FN:500,(anonymous_30)
FN:552,(anonymous_31)
FN:576,(anonymous_32)
FN:592,(anonymous_33)
FN:600,(anonymous_34)
FN:604,(anonymous_35)
FN:615,(anonymous_36)
FN:619,(anonymous_37)
FN:626,(anonymous_38)
FN:639,(anonymous_39)
FN:644,(anonymous_40)
FN:649,(anonymous_41)
FN:675,(anonymous_42)
FN:682,(anonymous_43)
FN:689,(anonymous_44)
FN:690,(anonymous_45)
FN:697,(anonymous_46)
FN:699,(anonymous_47)
FN:717,(anonymous_48)
FN:723,(anonymous_49)
FN:741,(anonymous_50)
FN:763,(anonymous_51)
FN:770,(anonymous_52)
FN:777,(anonymous_53)
FN:784,(anonymous_54)
FN:788,(anonymous_55)
FN:792,(anonymous_56)
FN:796,(anonymous_57)
FN:800,(anonymous_58)
FN:804,(anonymous_59)
FN:808,(anonymous_60)
FN:812,(anonymous_61)
FN:816,(anonymous_62)
FNF:63
FNH:32
FNDA:27,(anonymous_0)
FNDA:28,(anonymous_1)
FNDA:0,(anonymous_2)
FNDA:0,(anonymous_3)
FNDA:0,(anonymous_4)
FNDA:0,(anonymous_5)
FNDA:0,(anonymous_6)
FNDA:0,(anonymous_7)
FNDA:27,(anonymous_8)
FNDA:0,(anonymous_9)
FNDA:0,(anonymous_10)
FNDA:0,(anonymous_11)
FNDA:0,(anonymous_12)
FNDA:0,(anonymous_13)
FNDA:2,(anonymous_14)
FNDA:0,(anonymous_15)
FNDA:29,(anonymous_16)
FNDA:1,(anonymous_17)
FNDA:29,(anonymous_18)
FNDA:27,(anonymous_19)
FNDA:1,(anonymous_20)
FNDA:1,(anonymous_21)
FNDA:0,(anonymous_22)
FNDA:0,(anonymous_23)
FNDA:3,(anonymous_24)
FNDA:1,(anonymous_25)
FNDA:1,(anonymous_26)
FNDA:2,(anonymous_27)
FNDA:2,(anonymous_28)
FNDA:2,(anonymous_29)
FNDA:2,(anonymous_30)
FNDA:2,(anonymous_31)
FNDA:0,(anonymous_32)
FNDA:0,(anonymous_33)
FNDA:1,(anonymous_34)
FNDA:0,(anonymous_35)
FNDA:0,(anonymous_36)
FNDA:4,(anonymous_37)
FNDA:4,(anonymous_38)
FNDA:8,(anonymous_39)
FNDA:56,(anonymous_40)
FNDA:48,(anonymous_41)
FNDA:1,(anonymous_42)
FNDA:2,(anonymous_43)
FNDA:0,(anonymous_44)
FNDA:0,(anonymous_45)
FNDA:1,(anonymous_46)
FNDA:1,(anonymous_47)
FNDA:0,(anonymous_48)
FNDA:4,(anonymous_49)
FNDA:6,(anonymous_50)
FNDA:3,(anonymous_51)
FNDA:2,(anonymous_52)
FNDA:0,(anonymous_53)
FNDA:0,(anonymous_54)
FNDA:0,(anonymous_55)
FNDA:0,(anonymous_56)
FNDA:0,(anonymous_57)
FNDA:0,(anonymous_58)
FNDA:0,(anonymous_59)
FNDA:0,(anonymous_60)
FNDA:0,(anonymous_61)
FNDA:0,(anonymous_62)
DA:5,27
DA:6,27
DA:7,27
DA:8,27
DA:9,27
DA:10,27
DA:11,27
DA:12,27
DA:13,27
DA:14,27
DA:18,28
DA:19,28
DA:24,28
DA:25,28
DA:27,0
DA:32,0
DA:34,0
DA:36,0
DA:38,0
DA:40,0
DA:44,0
DA:46,0
DA:47,0
DA:48,0
DA:49,0
DA:50,0
DA:51,0
DA:53,0
DA:54,0
DA:55,0
DA:58,0
DA:59,0
DA:61,0
DA:69,0
DA:70,0
DA:73,0
DA:79,0
DA:80,0
DA:81,0
DA:83,0
DA:84,0
DA:87,0
DA:90,0
DA:91,0
DA:93,0
DA:94,0
DA:95,0
DA:96,0
DA:97,0
DA:103,0
DA:105,0
DA:106,0
DA:109,0
DA:114,27
DA:119,0
DA:120,0
DA:121,0
DA:122,0
DA:124,0
DA:126,0
DA:127,0
DA:128,0
DA:129,0
DA:132,0
DA:134,0
DA:135,0
DA:136,0
DA:137,0
DA:139,0
DA:140,0
DA:142,0
DA:143,0
DA:146,0
DA:147,0
DA:148,0
DA:149,0
DA:151,0
DA:153,0
DA:154,0
DA:155,0
DA:157,0
DA:159,0
DA:160,0
DA:163,0
DA:169,2
DA:174,2
DA:178,1
DA:182,1
DA:183,1
DA:187,0
DA:188,0
DA:189,0
DA:192,0
DA:195,0
DA:199,0
DA:200,0
DA:201,0
DA:202,0
DA:206,0
DA:211,29
DA:212,29
DA:214,26
DA:215,26
DA:218,3
DA:227,1
DA:228,1
DA:230,1
DA:234,29
DA:237,29
DA:241,27
DA:242,27
DA:249,1
DA:250,0
DA:252,1
DA:253,1
DA:254,0
DA:256,0
DA:261,0
DA:262,0
DA:265,0
DA:266,0
DA:272,0
DA:279,0
DA:280,0
DA:283,0
DA:284,0
DA:285,0
DA:289,1
DA:290,1
DA:296,3
DA:297,0
DA:299,3
DA:300,3
DA:301,3
DA:313,3
DA:314,2
DA:315,2
DA:316,2
DA:317,2
DA:319,2
DA:338,2
DA:340,2
DA:354,1
DA:355,1
DA:358,1
DA:359,1
DA:362,1
DA:367,1
DA:370,1
DA:379,1
DA:381,1
DA:405,1
DA:409,1
DA:412,1
DA:413,2
DA:416,1
DA:417,2
DA:420,1
DA:421,2
DA:426,1
DA:428,1
DA:462,1
DA:463,1
DA:477,1
DA:481,1
DA:488,0
DA:496,1
DA:501,2
DA:507,1
DA:511,1
DA:552,2
DA:577,0
DA:592,1
DA:593,0
DA:596,1
DA:603,1
DA:605,0
DA:606,0
DA:607,0
DA:608,0
DA:610,0
DA:616,0
DA:620,4
DA:621,1
DA:624,3
DA:626,3
DA:627,4
DA:629,4
DA:630,4
DA:631,4
DA:636,3
DA:641,8
DA:643,8
DA:644,8
DA:646,56
DA:649,56
DA:650,48
DA:656,8
DA:657,0
DA:658,0
DA:659,0
DA:660,0
DA:661,0
DA:662,0
DA:663,0
DA:664,0
DA:665,0
DA:666,0
DA:667,0
DA:668,0
DA:669,0
DA:672,8
DA:676,1
DA:677,1
DA:678,1
DA:683,2
DA:684,2
DA:685,2
DA:690,0
DA:691,0
DA:699,1
DA:700,1
DA:703,1
DA:706,1
DA:707,1
DA:708,1
DA:709,1
DA:712,1
DA:715,1
DA:717,1
DA:718,0
DA:719,0
DA:724,4
DA:725,1
DA:727,3
DA:728,1
DA:731,2
DA:738,2
DA:742,6
DA:743,6
DA:744,6
DA:746,6
DA:747,1
DA:748,5
DA:749,1
DA:750,4
DA:751,1
DA:752,1
DA:753,3
DA:754,1
DA:755,1
DA:757,2
DA:758,2
DA:760,6
DA:764,3
DA:765,3
DA:766,2
DA:771,2
DA:772,2
DA:773,1
DA:778,0
DA:779,0
DA:780,0
DA:781,0
DA:785,0
DA:789,0
DA:793,0
DA:797,0
DA:801,0
DA:805,0
DA:809,0
DA:813,0
DA:817,0
LF:273
LH:141
BRDA:4,0,0,0
BRDA:40,1,0,0
BRDA:40,1,1,0
BRDA:46,2,0,0
BRDA:46,2,1,0
BRDA:69,3,0,0
BRDA:69,3,1,0
BRDA:91,4,0,0
BRDA:91,4,1,0
BRDA:96,5,0,0
BRDA:96,5,1,0
BRDA:120,6,0,0
BRDA:120,6,1,0
BRDA:120,7,0,0
BRDA:120,7,1,0
BRDA:124,8,0,0
BRDA:124,8,1,0
BRDA:127,9,0,0
BRDA:127,9,1,0
BRDA:127,10,0,0
BRDA:127,10,1,0
BRDA:135,11,0,0
BRDA:135,11,1,0
BRDA:154,12,0,0
BRDA:154,12,1,0
BRDA:154,13,0,0
BRDA:154,13,1,0
BRDA:170,14,0,2
BRDA:170,14,1,0
BRDA:174,15,0,1
BRDA:174,15,1,1
BRDA:175,16,0,2
BRDA:175,16,1,1
BRDA:182,17,0,1
BRDA:182,17,1,0
BRDA:182,18,0,1
BRDA:182,18,1,1
BRDA:188,19,0,0
BRDA:188,19,1,0
BRDA:201,20,0,0
BRDA:201,20,1,0
BRDA:212,21,0,26
BRDA:212,21,1,3
BRDA:235,22,0,29
BRDA:235,22,1,26
BRDA:249,23,0,0
BRDA:249,23,1,1
BRDA:253,24,0,0
BRDA:253,24,1,1
BRDA:296,25,0,0
BRDA:296,25,1,3
BRDA:340,26,0,1
BRDA:340,26,1,1
BRDA:340,27,0,2
BRDA:340,27,1,2
BRDA:370,28,0,0
BRDA:370,28,1,1
BRDA:370,29,0,1
BRDA:370,29,1,0
BRDA:375,30,0,1
BRDA:375,30,1,0
BRDA:379,31,0,1
BRDA:379,31,1,1
BRDA:379,31,2,0
BRDA:381,32,0,1
BRDA:381,32,1,1
BRDA:381,32,2,1
BRDA:405,33,0,1
BRDA:405,33,1,0
BRDA:466,34,0,1
BRDA:466,34,1,1
BRDA:477,35,0,1
BRDA:477,35,1,0
BRDA:478,36,0,1
BRDA:478,36,1,1
BRDA:496,37,0,1
BRDA:496,37,1,0
BRDA:518,38,0,0
BRDA:518,38,1,1
BRDA:527,39,0,0
BRDA:527,39,1,1
BRDA:546,40,0,1
BRDA:546,40,1,0
BRDA:570,41,0,0
BRDA:570,41,1,1
BRDA:603,42,0,0
BRDA:603,42,1,1
BRDA:605,43,0,0
BRDA:605,43,1,0
BRDA:607,44,0,0
BRDA:607,44,1,0
BRDA:620,45,0,1
BRDA:620,45,1,3
BRDA:627,46,0,4
BRDA:627,46,1,0
BRDA:630,47,0,4
BRDA:630,47,1,0
BRDA:630,48,0,4
BRDA:630,48,1,4
BRDA:643,49,0,8
BRDA:643,49,1,0
BRDA:656,50,0,0
BRDA:656,50,1,8
BRDA:672,51,0,8
BRDA:672,51,1,5
BRDA:677,52,0,1
BRDA:677,52,1,0
BRDA:684,53,0,2
BRDA:684,53,1,0
BRDA:724,54,0,1
BRDA:724,54,1,3
BRDA:727,55,0,1
BRDA:727,55,1,2
BRDA:743,56,0,2
BRDA:743,56,1,4
BRDA:746,57,0,1
BRDA:746,57,1,5
BRDA:746,58,0,6
BRDA:746,58,1,6
BRDA:748,59,0,1
BRDA:748,59,1,4
BRDA:750,60,0,1
BRDA:750,60,1,3
BRDA:753,61,0,1
BRDA:753,61,1,2
BRDA:763,62,0,2
BRDA:765,63,0,2
BRDA:765,63,1,1
BRDA:770,64,0,2
BRDA:772,65,0,1
BRDA:772,65,1,1
BRDA:777,66,0,0
BRDA:779,67,0,0
BRDA:779,67,1,0
BRF:134
BRH:73
end_of_record
TN:
SF:pages/calculator/services/JsonLoader.js
FN:24,(anonymous_0)
FN:28,(anonymous_1)
FN:29,(anonymous_2)
FN:40,(anonymous_3)
FN:52,(anonymous_4)
FN:53,(anonymous_5)
FNF:6
FNH:1
FNDA:0,(anonymous_0)
FNDA:0,(anonymous_1)
FNDA:0,(anonymous_2)
FNDA:86,(anonymous_3)
FNDA:0,(anonymous_4)
FNDA:0,(anonymous_5)
DA:25,0
DA:28,0
DA:30,0
DA:31,0
DA:41,86
DA:42,86
DA:43,86
DA:45,0
DA:46,0
DA:52,0
DA:54,0
DA:55,0
LF:12
LH:3
BRDA:25,0,0,0
BRDA:25,0,1,0
BRDA:41,1,0,86
BRDA:41,1,1,0
BRF:4
BRH:1
end_of_record
TN:
SF:pages/calculator/services/TariffClasses.js
FN:17,loadEnums
FN:36,(anonymous_1)
FN:46,(anonymous_2)
FN:58,(anonymous_3)
FN:89,(anonymous_4)
FN:95,(anonymous_5)
FN:108,(anonymous_6)
FN:118,(anonymous_7)
FN:127,(anonymous_8)
FN:135,(anonymous_9)
FN:149,(anonymous_10)
FN:161,(anonymous_11)
FN:241,(anonymous_12)
FN:280,(anonymous_13)
FN:291,(anonymous_14)
FN:322,(anonymous_15)
FN:337,(anonymous_16)
FN:357,(anonymous_17)
FN:378,(anonymous_18)
FN:385,(anonymous_19)
FN:405,(anonymous_20)
FN:422,(anonymous_21)
FN:428,(anonymous_22)
FN:438,(anonymous_23)
FN:448,(anonymous_24)
FN:458,(anonymous_25)
FN:467,(anonymous_26)
FN:469,(anonymous_27)
FN:485,(anonymous_28)
FN:511,(anonymous_29)
FN:512,(anonymous_30)
FN:518,(anonymous_31)
FN:519,(anonymous_32)
FN:529,(anonymous_33)
FN:537,(anonymous_34)
FN:538,(anonymous_35)
FN:539,(anonymous_36)
FN:545,(anonymous_37)
FN:549,(anonymous_38)
FN:551,(anonymous_39)
FN:558,(anonymous_40)
FN:564,(anonymous_41)
FN:575,(anonymous_42)
FN:584,(anonymous_43)
FN:618,(anonymous_44)
FN:624,(anonymous_45)
FN:625,(anonymous_46)
FN:631,(anonymous_47)
FN:633,(anonymous_48)
FN:634,(anonymous_49)
FNF:50
FNH:46
FNDA:1,loadEnums
FNDA:16,(anonymous_1)
FNDA:16,(anonymous_2)
FNDA:14,(anonymous_3)
FNDA:56,(anonymous_4)
FNDA:0,(anonymous_5)
FNDA:0,(anonymous_6)
FNDA:0,(anonymous_7)
FNDA:28,(anonymous_8)
FNDA:28,(anonymous_9)
FNDA:42,(anonymous_10)
FNDA:18,(anonymous_11)
FNDA:3,(anonymous_12)
FNDA:54,(anonymous_13)
FNDA:52,(anonymous_14)
FNDA:21,(anonymous_15)
FNDA:24,(anonymous_16)
FNDA:15,(anonymous_17)
FNDA:26,(anonymous_18)
FNDA:5,(anonymous_19)
FNDA:9,(anonymous_20)
FNDA:0,(anonymous_21)
FNDA:10,(anonymous_22)
FNDA:27,(anonymous_23)
FNDA:18,(anonymous_24)
FNDA:31,(anonymous_25)
FNDA:31,(anonymous_26)
FNDA:31,(anonymous_27)
FNDA:31,(anonymous_28)
FNDA:2,(anonymous_29)
FNDA:2,(anonymous_30)
FNDA:2,(anonymous_31)
FNDA:2,(anonymous_32)
FNDA:7,(anonymous_33)
FNDA:7,(anonymous_34)
FNDA:28,(anonymous_35)
FNDA:28,(anonymous_36)
FNDA:4,(anonymous_37)
FNDA:4,(anonymous_38)
FNDA:4,(anonymous_39)
FNDA:4,(anonymous_40)
FNDA:8,(anonymous_41)
FNDA:1,(anonymous_42)
FNDA:4,(anonymous_43)
FNDA:5,(anonymous_44)
FNDA:1,(anonymous_45)
FNDA:4,(anonymous_46)
FNDA:1,(anonymous_47)
FNDA:4,(anonymous_48)
FNDA:5,(anonymous_49)
DA:10,1
DA:11,1
DA:18,1
DA:19,1
DA:23,1
DA:25,0
DA:30,1
DA:37,16
DA:38,16
DA:47,16
DA:48,16
DA:49,16
DA:50,16
DA:51,16
DA:52,16
DA:59,14
DA:61,14
DA:62,14
DA:63,14
DA:64,9
DA:67,14
DA:68,14
DA:69,14
DA:70,14
DA:73,14
DA:74,5
DA:78,9
DA:79,9
DA:80,9
DA:83,9
DA:85,9
DA:90,56
DA:91,56
DA:96,0
DA:97,0
DA:100,0
DA:109,0
DA:110,0
DA:111,0
DA:112,0
DA:119,0
DA:128,28
DA:129,28
DA:130,28
DA:131,28
DA:132,28
DA:136,28
DA:138,28
DA:139,16
DA:142,28
DA:143,0
DA:149,28
DA:150,42
DA:151,26
DA:155,28
DA:167,18
DA:169,18
DA:170,18
DA:173,18
DA:174,14
DA:175,14
DA:180,0
DA:181,0
DA:186,0
DA:187,0
DA:193,0
DA:196,14
DA:200,4
DA:201,0
DA:202,0
DA:203,0
DA:205,0
DA:212,4
DA:217,18
DA:220,18
DA:224,0
DA:227,18
DA:231,0
DA:234,18
DA:235,3
DA:238,18
DA:242,3
DA:243,3
DA:245,2
DA:246,2
DA:257,1
DA:258,0
DA:259,0
DA:269,1
DA:272,3
DA:281,54
DA:282,54
DA:283,54
DA:292,52
DA:293,52
DA:294,52
DA:295,52
DA:296,52
DA:298,52
DA:299,52
DA:300,52
DA:305,52
DA:306,52
DA:307,52
DA:308,52
DA:309,52
DA:312,52
DA:313,24
DA:315,28
DA:324,21
DA:325,1
DA:334,20
DA:343,24
DA:344,16
DA:345,16
DA:364,15
DA:366,15
DA:368,15
DA:375,15
DA:379,26
DA:392,5
DA:399,5
DA:406,9
DA:408,0
DA:421,0
DA:423,0
DA:428,9
DA:429,10
DA:439,27
DA:440,27
DA:449,18
DA:450,18
DA:459,31
DA:460,31
DA:461,31
DA:462,31
DA:463,31
DA:464,31
DA:468,31
DA:479,31
DA:486,31
DA:489,31
DA:498,31
DA:500,17
DA:502,14
DA:504,0
DA:512,2
DA:519,2
DA:520,2
DA:530,7
DA:531,7
DA:538,28
DA:539,28
DA:546,4
DA:548,4
DA:549,1
DA:550,4
DA:552,4
DA:557,4
DA:558,1
DA:559,4
DA:563,4
DA:564,2
DA:565,8
DA:569,4
DA:583,1
DA:584,4
DA:618,5
DA:625,4
DA:632,1
DA:633,1
DA:634,5
DA:636,1
LF:173
LH:146
BRDA:23,0,0,1
BRDA:23,0,1,0
BRDA:36,1,0,0
BRDA:37,2,0,16
BRDA:37,2,1,3
BRDA:38,3,0,16
BRDA:38,3,1,3
BRDA:46,4,0,0
BRDA:48,5,0,16
BRDA:48,5,1,3
BRDA:49,6,0,16
BRDA:49,6,1,0
BRDA:50,7,0,16
BRDA:50,7,1,0
BRDA:51,8,0,16
BRDA:51,8,1,0
BRDA:52,9,0,16
BRDA:52,9,1,0
BRDA:59,10,0,0
BRDA:59,10,1,14
BRDA:59,11,0,14
BRDA:59,11,1,14
BRDA:63,12,0,9
BRDA:63,12,1,5
BRDA:69,13,0,14
BRDA:69,13,1,0
BRDA:73,14,0,5
BRDA:73,14,1,9
BRDA:73,15,0,14
BRDA:73,15,1,9
BRDA:108,16,0,0
BRDA:110,17,0,0
BRDA:110,17,1,0
BRDA:111,18,0,0
BRDA:111,18,1,0
BRDA:112,19,0,0
BRDA:112,19,1,0
BRDA:127,20,0,0
BRDA:128,21,0,28
BRDA:128,21,1,15
BRDA:129,22,0,28
BRDA:129,22,1,0
BRDA:130,23,0,28
BRDA:130,23,1,12
BRDA:131,24,0,28
BRDA:131,24,1,28
BRDA:132,25,0,28
BRDA:132,25,1,17
BRDA:138,26,0,16
BRDA:138,26,1,12
BRDA:142,27,0,0
BRDA:142,27,1,28
BRDA:150,28,0,26
BRDA:150,28,1,16
BRDA:163,29,0,0
BRDA:167,30,0,0
BRDA:167,30,1,18
BRDA:173,31,0,14
BRDA:173,31,1,4
BRDA:174,32,0,14
BRDA:174,32,1,0
BRDA:174,33,0,14
BRDA:174,33,1,14
BRDA:180,34,0,0
BRDA:180,34,1,0
BRDA:186,35,0,0
BRDA:186,35,1,0
BRDA:200,36,0,0
BRDA:200,36,1,4
BRDA:202,37,0,0
BRDA:202,37,1,0
BRDA:220,38,0,0
BRDA:220,38,1,18
BRDA:221,39,0,18
BRDA:221,39,1,0
BRDA:227,40,0,0
BRDA:227,40,1,18
BRDA:228,41,0,18
BRDA:228,41,1,0
BRDA:234,42,0,3
BRDA:234,42,1,15
BRDA:234,43,0,18
BRDA:234,43,1,3
BRDA:243,44,0,2
BRDA:243,44,1,1
BRDA:245,45,0,2
BRDA:245,45,1,0
BRDA:257,46,0,0
BRDA:257,46,1,1
BRDA:280,47,0,1
BRDA:281,48,0,54
BRDA:281,48,1,53
BRDA:282,49,0,54
BRDA:282,49,1,53
BRDA:283,50,0,54
BRDA:283,50,1,54
BRDA:291,51,0,0
BRDA:292,52,0,52
BRDA:292,52,1,0
BRDA:293,53,0,52
BRDA:293,53,1,0
BRDA:293,53,2,0
BRDA:294,54,0,52
BRDA:294,54,1,0
BRDA:295,55,0,52
BRDA:295,55,1,0
BRDA:296,56,0,52
BRDA:296,56,1,0
BRDA:298,57,0,52
BRDA:298,57,1,51
BRDA:299,58,0,52
BRDA:299,58,1,0
BRDA:301,59,0,52
BRDA:301,59,1,52
BRDA:305,60,0,52
BRDA:305,60,1,21
BRDA:306,61,0,52
BRDA:306,61,1,21
BRDA:307,62,0,52
BRDA:307,62,1,21
BRDA:308,63,0,52
BRDA:308,63,1,52
BRDA:309,64,0,52
BRDA:309,64,1,21
BRDA:312,65,0,24
BRDA:312,65,1,28
BRDA:312,66,0,52
BRDA:312,66,1,24
BRDA:315,67,0,28
BRDA:315,67,1,28
BRDA:324,68,0,1
BRDA:324,68,1,20
BRDA:338,69,0,0
BRDA:343,70,0,8
BRDA:343,70,1,16
BRDA:344,71,0,16
BRDA:344,71,1,0
BRDA:360,72,0,0
BRDA:388,73,0,0
BRDA:399,74,0,5
BRDA:399,74,1,0
BRDA:406,75,0,0
BRDA:406,75,1,9
BRDA:406,76,0,9
BRDA:406,76,1,9
BRDA:422,77,0,0
BRDA:422,77,1,0
BRDA:438,78,0,0
BRDA:440,79,0,27
BRDA:440,79,1,26
BRDA:448,80,0,0
BRDA:450,81,0,18
BRDA:450,81,1,17
BRDA:458,82,0,0
BRDA:459,83,0,31
BRDA:459,83,1,0
BRDA:460,84,0,31
BRDA:460,84,1,0
BRDA:461,85,0,31
BRDA:461,85,1,0
BRDA:462,86,0,31
BRDA:462,86,1,31
BRDA:463,87,0,31
BRDA:463,87,1,0
BRDA:464,88,0,31
BRDA:464,88,1,0
BRDA:486,89,0,31
BRDA:486,89,1,0
BRDA:498,90,0,17
BRDA:498,90,1,14
BRDA:498,90,2,0
BRDA:545,91,0,0
BRDA:548,92,0,1
BRDA:548,92,1,3
BRDA:548,93,0,4
BRDA:548,93,1,1
BRDA:552,94,0,4
BRDA:552,94,1,3
BRDA:557,95,0,1
BRDA:557,95,1,3
BRDA:557,96,0,4
BRDA:557,96,1,1
BRDA:563,97,0,2
BRDA:563,97,1,2
BRDA:563,98,0,4
BRDA:563,98,1,2
BRDA:579,99,0,0
BRDA:604,100,0,4
BRDA:604,100,1,2
BRDA:604,100,2,2
BRDA:604,100,3,2
BRDA:604,100,4,0
BRDA:604,100,5,2
BRF:193
BRH:129
end_of_record
TN:
SF:pages/calculator/services/VehicleChargingCurves.js
FN:8,(anonymous_0)
FN:13,(anonymous_1)
FN:31,(anonymous_2)
FN:37,(anonymous_3)
FN:60,(anonymous_4)
FN:85,(anonymous_5)
FN:154,(anonymous_6)
FN:164,(anonymous_7)
FN:181,(anonymous_8)
FN:184,(anonymous_9)
FN:191,(anonymous_10)
FN:205,(anonymous_11)
FN:231,(anonymous_12)
FN:255,(anonymous_13)
FN:256,(anonymous_14)
FN:270,(anonymous_15)
FNF:16
FNH:15
FNDA:29,(anonymous_0)
FNDA:29,(anonymous_1)
FNDA:486,(anonymous_2)
FNDA:0,(anonymous_3)
FNDA:226,(anonymous_4)
FNDA:10,(anonymous_5)
FNDA:490,(anonymous_6)
FNDA:252,(anonymous_7)
FNDA:128,(anonymous_8)
FNDA:298,(anonymous_9)
FNDA:298,(anonymous_10)
FNDA:4,(anonymous_11)
FNDA:2,(anonymous_12)
FNDA:1,(anonymous_13)
FNDA:3,(anonymous_14)
FNDA:1,(anonymous_15)
DA:9,29
DA:10,29
DA:14,29
DA:15,29
DA:17,0
DA:32,486
DA:35,486
DA:37,0
DA:38,486
DA:43,486
DA:44,0
DA:48,486
DA:50,486
DA:53,486
DA:54,424
DA:58,62
DA:60,226
DA:61,62
DA:62,62
DA:64,62
DA:65,2
DA:69,60
DA:70,60
DA:71,60
DA:73,60
DA:92,10
DA:102,10
DA:103,10
DA:104,10
DA:105,10
DA:106,10
DA:109,10
DA:110,10
DA:112,10
DA:113,10
DA:117,480
DA:122,480
DA:125,480
DA:128,480
DA:130,480
DA:131,480
DA:133,480
DA:134,480
DA:135,480
DA:138,10
DA:155,490
DA:158,489
DA:159,245
DA:163,244
DA:164,252
DA:166,244
DA:167,244
DA:171,0
DA:182,128
DA:183,64
DA:184,298
DA:186,64
DA:190,64
DA:191,298
DA:193,64
DA:207,4
DA:209,4
DA:211,1
DA:212,3
DA:214,2
DA:217,1
DA:220,4
DA:237,2
DA:238,2
DA:239,2
DA:241,2
DA:256,3
DA:271,1
LF:73
LH:69
BRDA:32,0,0,486
BRDA:32,0,1,61
BRDA:43,1,0,0
BRDA:43,1,1,486
BRDA:48,2,0,486
BRDA:48,2,1,0
BRDA:53,3,0,424
BRDA:53,3,1,62
BRDA:64,4,0,2
BRDA:64,4,1,60
BRDA:92,5,0,10
BRDA:92,5,1,1
BRDA:114,6,0,490
BRDA:114,6,1,480
BRDA:144,7,0,8
BRDA:144,7,1,2
BRDA:155,8,0,1
BRDA:155,8,1,489
BRDA:158,9,0,245
BRDA:158,9,1,244
BRDA:166,10,0,244
BRDA:166,10,1,0
BRDA:182,11,0,64
BRDA:182,11,1,64
BRDA:186,12,0,62
BRDA:186,12,1,2
BRDA:193,13,0,62
BRDA:193,13,1,2
BRDA:209,14,0,1
BRDA:209,14,1,3
BRDA:212,15,0,2
BRDA:212,15,1,1
BRF:32
BRH:29
end_of_record
